2021-07-07 12:43:13,848 INFO org.springframework.boot.StartupInfoLogger [main] Starting GroceryApplication using Java 11.0.11 on DESKTOP-PE5AI8L with PID 7964 (D:\TechnogramSolutions\Projects\New folder\grocery\bin\main started by niles in D:\TechnogramSolutions\Projects\New folder\grocery)
2021-07-07 12:43:13,899 DEBUG org.springframework.boot.StartupInfoLogger [main] Running with Spring Boot v2.5.1-SNAPSHOT, Spring v5.3.8
2021-07-07 12:43:13,899 INFO org.springframework.boot.SpringApplication [main] No active profile set, falling back to default profiles: default
2021-07-07 12:43:33,383 INFO org.springframework.boot.StartupInfoLogger [main] Starting GroceryApplication using Java 11.0.11 on DESKTOP-PE5AI8L with PID 5428 (D:\TechnogramSolutions\Projects\New folder\grocery\bin\main started by niles in D:\TechnogramSolutions\Projects\New folder\grocery)
2021-07-07 12:43:33,385 DEBUG org.springframework.boot.StartupInfoLogger [main] Running with Spring Boot v2.5.1-SNAPSHOT, Spring v5.3.8
2021-07-07 12:43:33,386 INFO org.springframework.boot.SpringApplication [main] No active profile set, falling back to default profiles: default
2021-07-07 12:44:14,428 INFO org.springframework.boot.StartupInfoLogger [main] Starting GroceryApplication using Java 11.0.11 on DESKTOP-PE5AI8L with PID 1564 (D:\TechnogramSolutions\Projects\New folder\grocery\bin\main started by niles in D:\TechnogramSolutions\Projects\New folder\grocery)
2021-07-07 12:44:14,431 DEBUG org.springframework.boot.StartupInfoLogger [main] Running with Spring Boot v2.5.1-SNAPSHOT, Spring v5.3.8
2021-07-07 12:44:14,431 INFO org.springframework.boot.SpringApplication [main] No active profile set, falling back to default profiles: default
2021-07-07 12:44:51,017 INFO org.springframework.boot.StartupInfoLogger [main] Starting GroceryApplication using Java 11.0.11 on DESKTOP-PE5AI8L with PID 13344 (D:\TechnogramSolutions\Projects\New folder\grocery\bin\main started by niles in D:\TechnogramSolutions\Projects\New folder\grocery)
2021-07-07 12:44:51,025 DEBUG org.springframework.boot.StartupInfoLogger [main] Running with Spring Boot v2.5.1-SNAPSHOT, Spring v5.3.8
2021-07-07 12:44:51,026 INFO org.springframework.boot.SpringApplication [main] No active profile set, falling back to default profiles: default
2021-07-07 12:47:48,472 INFO org.springframework.boot.StartupInfoLogger [main] Starting GroceryApplication using Java 11.0.11 on DESKTOP-PE5AI8L with PID 1168 (D:\TechnogramSolutions\Projects\New folder\grocery\bin\main started by niles in D:\TechnogramSolutions\Projects\New folder\grocery)
2021-07-07 12:47:48,476 DEBUG org.springframework.boot.StartupInfoLogger [main] Running with Spring Boot v2.5.1-SNAPSHOT, Spring v5.3.8
2021-07-07 12:47:48,477 INFO org.springframework.boot.SpringApplication [main] No active profile set, falling back to default profiles: default
2021-07-07 12:49:18,764 INFO org.springframework.boot.StartupInfoLogger [main] Starting GroceryApplication using Java 11.0.11 on DESKTOP-PE5AI8L with PID 14312 (D:\TechnogramSolutions\Projects\New folder\grocery\bin\main started by niles in D:\TechnogramSolutions\Projects\New folder\grocery)
2021-07-07 12:49:18,767 DEBUG org.springframework.boot.StartupInfoLogger [main] Running with Spring Boot v2.5.1-SNAPSHOT, Spring v5.3.8
2021-07-07 12:49:18,768 INFO org.springframework.boot.SpringApplication [main] No active profile set, falling back to default profiles: default
2021-07-07 12:50:46,947 INFO org.springframework.boot.StartupInfoLogger [main] Starting GroceryApplication using Java 11.0.11 on DESKTOP-PE5AI8L with PID 3764 (D:\TechnogramSolutions\Projects\New folder\grocery\bin\main started by niles in D:\TechnogramSolutions\Projects\New folder\grocery)
2021-07-07 12:50:46,950 DEBUG org.springframework.boot.StartupInfoLogger [main] Running with Spring Boot v2.5.1-SNAPSHOT, Spring v5.3.8
2021-07-07 12:50:46,950 INFO org.springframework.boot.SpringApplication [main] No active profile set, falling back to default profiles: default
2021-07-07 12:51:42,398 INFO org.springframework.boot.StartupInfoLogger [main] Starting GroceryApplication using Java 11.0.11 on DESKTOP-PE5AI8L with PID 12504 (D:\TechnogramSolutions\Projects\New folder\grocery\bin\main started by niles in D:\TechnogramSolutions\Projects\New folder\grocery)
2021-07-07 12:51:42,401 DEBUG org.springframework.boot.StartupInfoLogger [main] Running with Spring Boot v2.5.1-SNAPSHOT, Spring v5.3.8
2021-07-07 12:51:42,402 INFO org.springframework.boot.SpringApplication [main] No active profile set, falling back to default profiles: default
2021-07-07 14:48:56,580 INFO org.springframework.boot.StartupInfoLogger [main] Starting GroceryApplication using Java 11.0.11 on DESKTOP-PE5AI8L with PID 4008 (D:\TechnogramSolutions\Projects\New folder\grocery\bin\main started by niles in D:\TechnogramSolutions\Projects\New folder\grocery)
2021-07-07 14:48:56,652 DEBUG org.springframework.boot.StartupInfoLogger [main] Running with Spring Boot v2.5.1-SNAPSHOT, Spring v5.3.8
2021-07-07 14:48:56,653 INFO org.springframework.boot.SpringApplication [main] No active profile set, falling back to default profiles: default
2021-07-07 14:50:07,773 INFO org.springframework.boot.StartupInfoLogger [main] Starting GroceryApplication using Java 11.0.11 on DESKTOP-PE5AI8L with PID 10644 (D:\TechnogramSolutions\Projects\New folder\grocery\bin\main started by niles in D:\TechnogramSolutions\Projects\New folder\grocery)
2021-07-07 14:50:07,776 DEBUG org.springframework.boot.StartupInfoLogger [main] Running with Spring Boot v2.5.1-SNAPSHOT, Spring v5.3.8
2021-07-07 14:50:07,776 INFO org.springframework.boot.SpringApplication [main] No active profile set, falling back to default profiles: default
2021-07-07 14:50:17,528 DEBUG org.springframework.web.filter.GenericFilterBean [main] Filter 'jwtAuthenticationFilter' configured for use
2021-07-07 14:50:17,529 DEBUG org.springframework.web.filter.GenericFilterBean [main] Filter 'genericFilter' configured for use
2021-07-07 14:50:17,834 INFO com.training.grocery.cache.service.CacheService [main] Products cache generated
2021-07-07 14:50:18,910 INFO org.springframework.boot.StartupInfoLogger [main] Started GroceryApplication in 11.613 seconds (JVM running for 12.094)
2021-07-07 14:53:59,333 INFO org.springframework.boot.StartupInfoLogger [main] Starting GroceryApplication using Java 11.0.11 on DESKTOP-PE5AI8L with PID 14756 (D:\TechnogramSolutions\Projects\New folder\grocery\bin\main started by niles in D:\TechnogramSolutions\Projects\New folder\grocery)
2021-07-07 14:53:59,336 DEBUG org.springframework.boot.StartupInfoLogger [main] Running with Spring Boot v2.5.1-SNAPSHOT, Spring v5.3.8
2021-07-07 14:53:59,337 INFO org.springframework.boot.SpringApplication [main] No active profile set, falling back to default profiles: default
2021-07-07 14:54:04,795 DEBUG org.springframework.web.filter.GenericFilterBean [main] Filter 'jwtAuthenticationFilter' configured for use
2021-07-07 14:54:04,796 DEBUG org.springframework.web.filter.GenericFilterBean [main] Filter 'genericFilter' configured for use
2021-07-07 14:54:04,991 INFO com.training.grocery.cache.service.CacheService [main] Products cache generated
2021-07-07 14:54:05,691 INFO org.springframework.boot.StartupInfoLogger [main] Started GroceryApplication in 6.885 seconds (JVM running for 7.374)
