2021-06-21 13:34:45,178 INFO org.springframework.boot.StartupInfoLogger [main] Starting GroceryApplication using Java 11.0.11 on DESKTOP-PE5AI8L with PID 2412 (D:\TechnogramSolutions\Projects\New folder\grocery\bin\main started by niles in D:\TechnogramSolutions\Projects\New folder\grocery)
2021-06-21 13:34:45,195 DEBUG org.springframework.boot.StartupInfoLogger [main] Running with Spring Boot v2.5.1-SNAPSHOT, Spring v5.3.8
2021-06-21 13:34:45,195 INFO org.springframework.boot.SpringApplication [main] No active profile set, falling back to default profiles: default
2021-06-21 13:40:26,589 INFO org.springframework.boot.StartupInfoLogger [main] Starting GroceryApplication using Java 11.0.11 on DESKTOP-PE5AI8L with PID 8808 (D:\TechnogramSolutions\Projects\New folder\grocery\bin\main started by niles in D:\TechnogramSolutions\Projects\New folder\grocery)
2021-06-21 13:40:26,594 DEBUG org.springframework.boot.StartupInfoLogger [main] Running with Spring Boot v2.5.1-SNAPSHOT, Spring v5.3.8
2021-06-21 13:40:26,595 INFO org.springframework.boot.SpringApplication [main] No active profile set, falling back to default profiles: default
2021-06-21 13:40:33,127 DEBUG org.springframework.web.filter.GenericFilterBean [main] Filter 'jwtAuthenticationFilter' configured for use
2021-06-21 13:40:33,127 DEBUG org.springframework.web.filter.GenericFilterBean [main] Filter 'genericFilter' configured for use
2021-06-21 13:40:34,337 INFO org.springframework.boot.StartupInfoLogger [main] Started GroceryApplication in 8.209 seconds (JVM running for 8.627)
2021-06-21 13:40:38,918 DEBUG com.training.grocery.JWT.Config.JwtAuthenticationFilter [http-nio-8080-exec-2] Extracting Header
2021-06-21 13:41:10,983 DEBUG com.training.grocery.JWT.Config.JwtAuthenticationFilter [http-nio-8080-exec-3] Extracting Header
2021-06-21 13:42:51,082 DEBUG com.training.grocery.JWT.Config.JwtAuthenticationFilter [http-nio-8080-exec-6] Extracting Header
2021-06-21 13:42:51,086 INFO com.training.grocery.JWT.Controllers.JwtController [http-nio-8080-exec-6] Requesting token
2021-06-21 13:42:51,086 DEBUG com.training.grocery.JWT.Controllers.JwtController [http-nio-8080-exec-6] Requesting token for user abcd@ts
2021-06-21 13:42:51,087 DEBUG com.training.grocery.JWT.Services.CustomUserDetailsService [http-nio-8080-exec-6] Finding User with email abcd@ts
2021-06-21 13:42:51,265 DEBUG com.training.grocery.JWT.Services.CustomUserDetailsService [http-nio-8080-exec-6] Finding roles of abcd@ts 
2021-06-21 13:42:51,268 DEBUG com.training.grocery.JWT.Controllers.JwtController [http-nio-8080-exec-6] User abcd@ts Authenticated
2021-06-21 13:42:51,268 DEBUG com.training.grocery.JWT.Services.CustomUserDetailsService [http-nio-8080-exec-6] Finding User with email abcd@ts
2021-06-21 13:42:51,270 DEBUG com.training.grocery.JWT.Services.CustomUserDetailsService [http-nio-8080-exec-6] Finding roles of abcd@ts 
2021-06-21 13:42:51,325 INFO com.training.grocery.JWT.Controllers.JwtController [http-nio-8080-exec-6] Token Gnerated 
2021-06-21 13:42:51,325 DEBUG com.training.grocery.JWT.Controllers.JwtController [http-nio-8080-exec-6] Token Gnerated eyJhbGciOiJIUzI1NiJ9.eyJzdWIiOiJhYmNkQHRzIiwiZXhwIjoxNjI0Mjk5MTcxLCJpYXQiOjE2MjQyNjMxNzF9.6KObkuIR-RMZEWJ7bZQ_zlCKqhuQRfpbhCIvau3gnpk
2021-06-21 13:43:47,995 DEBUG com.training.grocery.JWT.Config.JwtAuthenticationFilter [http-nio-8080-exec-7] Extracting Header
2021-06-21 13:43:47,996 DEBUG com.training.grocery.JWT.Config.JwtAuthenticationFilter [http-nio-8080-exec-7] Extracting email from token
2021-06-21 13:43:48,005 DEBUG com.training.grocery.JWT.Services.CustomUserDetailsService [http-nio-8080-exec-7] Finding User with email abcd@ts
2021-06-21 13:43:48,023 DEBUG com.training.grocery.JWT.Services.CustomUserDetailsService [http-nio-8080-exec-7] Finding roles of abcd@ts 
2021-06-21 13:43:48,023 DEBUG com.training.grocery.JWT.Config.GenericFilter [http-nio-8080-exec-7] Extracting email from token
2021-06-21 13:44:45,012 DEBUG com.training.grocery.JWT.Config.JwtAuthenticationFilter [http-nio-8080-exec-8] Extracting Header
2021-06-21 13:44:45,012 DEBUG com.training.grocery.JWT.Config.JwtAuthenticationFilter [http-nio-8080-exec-8] Extracting email from token
2021-06-21 13:44:45,013 DEBUG com.training.grocery.JWT.Services.CustomUserDetailsService [http-nio-8080-exec-8] Finding User with email abcd@ts
2021-06-21 13:44:45,015 DEBUG com.training.grocery.JWT.Services.CustomUserDetailsService [http-nio-8080-exec-8] Finding roles of abcd@ts 
2021-06-21 13:44:45,016 DEBUG com.training.grocery.JWT.Config.GenericFilter [http-nio-8080-exec-8] Extracting email from token
2021-06-21 13:48:20,584 DEBUG com.training.grocery.JWT.Config.JwtAuthenticationFilter [http-nio-8080-exec-10] Extracting Header
2021-06-21 13:48:20,584 DEBUG com.training.grocery.JWT.Config.JwtAuthenticationFilter [http-nio-8080-exec-10] Extracting email from token
2021-06-21 13:48:20,585 DEBUG com.training.grocery.JWT.Services.CustomUserDetailsService [http-nio-8080-exec-10] Finding User with email abcd@ts
2021-06-21 13:48:20,589 DEBUG com.training.grocery.JWT.Services.CustomUserDetailsService [http-nio-8080-exec-10] Finding roles of abcd@ts 
2021-06-21 13:48:20,590 DEBUG com.training.grocery.JWT.Config.GenericFilter [http-nio-8080-exec-10] Extracting email from token
2021-06-21 13:48:25,558 DEBUG com.training.grocery.JWT.Config.JwtAuthenticationFilter [http-nio-8080-exec-1] Extracting Header
2021-06-21 13:48:25,559 DEBUG com.training.grocery.JWT.Config.JwtAuthenticationFilter [http-nio-8080-exec-1] Extracting email from token
2021-06-21 13:48:25,560 DEBUG com.training.grocery.JWT.Services.CustomUserDetailsService [http-nio-8080-exec-1] Finding User with email abcd@ts
2021-06-21 13:48:25,562 DEBUG com.training.grocery.JWT.Services.CustomUserDetailsService [http-nio-8080-exec-1] Finding roles of abcd@ts 
2021-06-21 13:48:25,562 DEBUG com.training.grocery.JWT.Config.GenericFilter [http-nio-8080-exec-1] Extracting email from token
2021-06-21 13:50:53,304 DEBUG com.training.grocery.JWT.Config.JwtAuthenticationFilter [http-nio-8080-exec-4] Extracting Header
2021-06-21 13:50:53,305 DEBUG com.training.grocery.JWT.Config.JwtAuthenticationFilter [http-nio-8080-exec-4] Extracting email from token
2021-06-21 13:50:53,305 DEBUG com.training.grocery.JWT.Services.CustomUserDetailsService [http-nio-8080-exec-4] Finding User with email abcd@ts
2021-06-21 13:50:53,307 DEBUG com.training.grocery.JWT.Services.CustomUserDetailsService [http-nio-8080-exec-4] Finding roles of abcd@ts 
2021-06-21 13:50:53,308 DEBUG com.training.grocery.JWT.Config.GenericFilter [http-nio-8080-exec-4] Extracting email from token
2021-06-21 13:51:26,878 DEBUG com.training.grocery.JWT.Config.JwtAuthenticationFilter [http-nio-8080-exec-5] Extracting Header
2021-06-21 13:51:26,879 DEBUG com.training.grocery.JWT.Config.JwtAuthenticationFilter [http-nio-8080-exec-5] Extracting email from token
2021-06-21 13:51:26,879 DEBUG com.training.grocery.JWT.Services.CustomUserDetailsService [http-nio-8080-exec-5] Finding User with email abcd@ts
2021-06-21 13:51:26,881 DEBUG com.training.grocery.JWT.Services.CustomUserDetailsService [http-nio-8080-exec-5] Finding roles of abcd@ts 
2021-06-21 13:51:26,882 DEBUG com.training.grocery.JWT.Config.GenericFilter [http-nio-8080-exec-5] Extracting email from token
2021-06-21 13:54:04,534 DEBUG com.training.grocery.JWT.Config.JwtAuthenticationFilter [http-nio-8080-exec-7] Extracting Header
2021-06-21 13:54:04,534 DEBUG com.training.grocery.JWT.Config.JwtAuthenticationFilter [http-nio-8080-exec-7] Extracting email from token
2021-06-21 13:54:04,536 DEBUG com.training.grocery.JWT.Services.CustomUserDetailsService [http-nio-8080-exec-7] Finding User with email abcd@ts
2021-06-21 13:54:04,538 DEBUG com.training.grocery.JWT.Services.CustomUserDetailsService [http-nio-8080-exec-7] Finding roles of abcd@ts 
2021-06-21 13:54:30,371 DEBUG com.training.grocery.JWT.Config.JwtAuthenticationFilter [http-nio-8080-exec-9] Extracting Header
2021-06-21 13:54:30,371 DEBUG com.training.grocery.JWT.Config.JwtAuthenticationFilter [http-nio-8080-exec-9] Extracting email from token
2021-06-21 13:54:30,372 DEBUG com.training.grocery.JWT.Services.CustomUserDetailsService [http-nio-8080-exec-9] Finding User with email abcd@ts
2021-06-21 13:54:30,390 DEBUG com.training.grocery.JWT.Services.CustomUserDetailsService [http-nio-8080-exec-9] Finding roles of abcd@ts 
2021-06-21 13:54:30,390 DEBUG com.training.grocery.JWT.Config.GenericFilter [http-nio-8080-exec-9] Extracting email from token
2021-06-21 13:54:47,839 DEBUG com.training.grocery.JWT.Config.JwtAuthenticationFilter [http-nio-8080-exec-1] Extracting Header
2021-06-21 13:54:47,840 DEBUG com.training.grocery.JWT.Config.JwtAuthenticationFilter [http-nio-8080-exec-1] Extracting email from token
2021-06-21 13:54:47,841 DEBUG com.training.grocery.JWT.Services.CustomUserDetailsService [http-nio-8080-exec-1] Finding User with email abcd@ts
2021-06-21 13:54:47,842 DEBUG com.training.grocery.JWT.Services.CustomUserDetailsService [http-nio-8080-exec-1] Finding roles of abcd@ts 
2021-06-21 13:55:30,933 DEBUG com.training.grocery.JWT.Config.JwtAuthenticationFilter [http-nio-8080-exec-2] Extracting Header
2021-06-21 13:55:30,933 DEBUG com.training.grocery.JWT.Config.JwtAuthenticationFilter [http-nio-8080-exec-2] Extracting email from token
2021-06-21 13:55:30,934 DEBUG com.training.grocery.JWT.Services.CustomUserDetailsService [http-nio-8080-exec-2] Finding User with email abcd@ts
2021-06-21 13:55:30,936 DEBUG com.training.grocery.JWT.Services.CustomUserDetailsService [http-nio-8080-exec-2] Finding roles of abcd@ts 
2021-06-21 13:55:30,936 DEBUG com.training.grocery.JWT.Config.GenericFilter [http-nio-8080-exec-2] Extracting email from token
2021-06-21 16:10:20,343 INFO org.springframework.boot.StartupInfoLogger [main] Starting GroceryApplication using Java 11.0.11 on DESKTOP-PE5AI8L with PID 12788 (D:\TechnogramSolutions\Projects\New folder\grocery\bin\main started by niles in D:\TechnogramSolutions\Projects\New folder\grocery)
2021-06-21 16:10:20,347 DEBUG org.springframework.boot.StartupInfoLogger [main] Running with Spring Boot v2.5.1-SNAPSHOT, Spring v5.3.8
2021-06-21 16:10:20,347 INFO org.springframework.boot.SpringApplication [main] No active profile set, falling back to default profiles: default
2021-06-21 16:10:31,950 DEBUG org.springframework.web.filter.GenericFilterBean [main] Filter 'jwtAuthenticationFilter' configured for use
2021-06-21 16:10:31,951 DEBUG org.springframework.web.filter.GenericFilterBean [main] Filter 'genericFilter' configured for use
2021-06-21 16:10:33,240 INFO org.springframework.boot.StartupInfoLogger [main] Started GroceryApplication in 13.392 seconds (JVM running for 13.82)
2021-06-21 16:10:36,859 DEBUG com.training.grocery.JWT.Config.JwtAuthenticationFilter [http-nio-8080-exec-3] Extracting Header
2021-06-21 16:10:37,089 INFO com.training.grocery.JWT.Controllers.JwtController [http-nio-8080-exec-3] Requesting token
2021-06-21 16:10:37,090 DEBUG com.training.grocery.JWT.Controllers.JwtController [http-nio-8080-exec-3] Requesting token for user abcd@ts
2021-06-21 16:10:37,091 DEBUG com.training.grocery.JWT.Services.CustomUserDetailsService [http-nio-8080-exec-3] Finding User with email abcd@ts
2021-06-21 16:10:37,293 DEBUG com.training.grocery.JWT.Services.CustomUserDetailsService [http-nio-8080-exec-3] No user exists by abcd@ts email
2021-06-21 16:10:37,305 ERROR com.training.grocery.JWT.Controllers.JwtController [http-nio-8080-exec-3] Bad Credentials
org.springframework.security.authentication.BadCredentialsException: Bad credentials
	at org.springframework.security.authentication.dao.AbstractUserDetailsAuthenticationProvider.authenticate(AbstractUserDetailsAuthenticationProvider.java:141)
	at org.springframework.security.authentication.ProviderManager.authenticate(ProviderManager.java:182)
	at org.springframework.security.authentication.ProviderManager.authenticate(ProviderManager.java:201)
	at org.springframework.security.config.annotation.web.configuration.WebSecurityConfigurerAdapter$AuthenticationManagerDelegator.authenticate(WebSecurityConfigurerAdapter.java:518)
	at com.training.grocery.JWT.Controllers.JwtController.generateToken(JwtController.java:41)
	at java.base/jdk.internal.reflect.NativeMethodAccessorImpl.invoke0(Native Method)
	at java.base/jdk.internal.reflect.NativeMethodAccessorImpl.invoke(NativeMethodAccessorImpl.java:62)
	at java.base/jdk.internal.reflect.DelegatingMethodAccessorImpl.invoke(DelegatingMethodAccessorImpl.java:43)
	at java.base/java.lang.reflect.Method.invoke(Method.java:566)
	at org.springframework.web.method.support.InvocableHandlerMethod.doInvoke(InvocableHandlerMethod.java:197)
	at org.springframework.web.method.support.InvocableHandlerMethod.invokeForRequest(InvocableHandlerMethod.java:141)
	at org.springframework.web.servlet.mvc.method.annotation.ServletInvocableHandlerMethod.invokeAndHandle(ServletInvocableHandlerMethod.java:106)
	at org.springframework.web.servlet.mvc.method.annotation.RequestMappingHandlerAdapter.invokeHandlerMethod(RequestMappingHandlerAdapter.java:894)
	at org.springframework.web.servlet.mvc.method.annotation.RequestMappingHandlerAdapter.handleInternal(RequestMappingHandlerAdapter.java:808)
	at org.springframework.web.servlet.mvc.method.AbstractHandlerMethodAdapter.handle(AbstractHandlerMethodAdapter.java:87)
	at org.springframework.web.servlet.DispatcherServlet.doDispatch(DispatcherServlet.java:1063)
	at org.springframework.web.servlet.DispatcherServlet.doService(DispatcherServlet.java:963)
	at org.springframework.web.servlet.FrameworkServlet.processRequest(FrameworkServlet.java:1006)
	at org.springframework.web.servlet.FrameworkServlet.doPost(FrameworkServlet.java:909)
	at javax.servlet.http.HttpServlet.service(HttpServlet.java:652)
	at org.springframework.web.servlet.FrameworkServlet.service(FrameworkServlet.java:883)
	at javax.servlet.http.HttpServlet.service(HttpServlet.java:733)
	at org.apache.catalina.core.ApplicationFilterChain.internalDoFilter(ApplicationFilterChain.java:227)
	at org.apache.catalina.core.ApplicationFilterChain.doFilter(ApplicationFilterChain.java:162)
	at org.apache.tomcat.websocket.server.WsFilter.doFilter(WsFilter.java:53)
	at org.apache.catalina.core.ApplicationFilterChain.internalDoFilter(ApplicationFilterChain.java:189)
	at org.apache.catalina.core.ApplicationFilterChain.doFilter(ApplicationFilterChain.java:162)
	at org.springframework.web.filter.OncePerRequestFilter.doFilter(OncePerRequestFilter.java:113)
	at org.apache.catalina.core.ApplicationFilterChain.internalDoFilter(ApplicationFilterChain.java:189)
	at org.apache.catalina.core.ApplicationFilterChain.doFilter(ApplicationFilterChain.java:162)
	at com.training.grocery.JWT.Config.GenericFilter.doFilterInternal(GenericFilter.java:71)
	at org.springframework.web.filter.OncePerRequestFilter.doFilter(OncePerRequestFilter.java:119)
	at org.apache.catalina.core.ApplicationFilterChain.internalDoFilter(ApplicationFilterChain.java:189)
	at org.apache.catalina.core.ApplicationFilterChain.doFilter(ApplicationFilterChain.java:162)
	at org.springframework.security.web.FilterChainProxy$VirtualFilterChain.doFilter(FilterChainProxy.java:327)
	at org.springframework.security.web.access.intercept.FilterSecurityInterceptor.invoke(FilterSecurityInterceptor.java:115)
	at org.springframework.security.web.access.intercept.FilterSecurityInterceptor.doFilter(FilterSecurityInterceptor.java:81)
	at org.springframework.security.web.FilterChainProxy$VirtualFilterChain.doFilter(FilterChainProxy.java:336)
	at org.springframework.security.web.access.ExceptionTranslationFilter.doFilter(ExceptionTranslationFilter.java:121)
	at org.springframework.security.web.access.ExceptionTranslationFilter.doFilter(ExceptionTranslationFilter.java:115)
	at org.springframework.security.web.FilterChainProxy$VirtualFilterChain.doFilter(FilterChainProxy.java:336)
	at org.springframework.security.web.session.SessionManagementFilter.doFilter(SessionManagementFilter.java:126)
	at org.springframework.security.web.session.SessionManagementFilter.doFilter(SessionManagementFilter.java:81)
	at org.springframework.security.web.FilterChainProxy$VirtualFilterChain.doFilter(FilterChainProxy.java:336)
	at org.springframework.security.web.authentication.AnonymousAuthenticationFilter.doFilter(AnonymousAuthenticationFilter.java:105)
	at org.springframework.security.web.FilterChainProxy$VirtualFilterChain.doFilter(FilterChainProxy.java:336)
	at org.springframework.security.web.servletapi.SecurityContextHolderAwareRequestFilter.doFilter(SecurityContextHolderAwareRequestFilter.java:149)
	at org.springframework.security.web.FilterChainProxy$VirtualFilterChain.doFilter(FilterChainProxy.java:336)
	at org.springframework.security.web.savedrequest.RequestCacheAwareFilter.doFilter(RequestCacheAwareFilter.java:63)
	at org.springframework.security.web.FilterChainProxy$VirtualFilterChain.doFilter(FilterChainProxy.java:336)
	at com.training.grocery.JWT.Config.JwtAuthenticationFilter.doFilterInternal(JwtAuthenticationFilter.java:68)
	at org.springframework.web.filter.OncePerRequestFilter.doFilter(OncePerRequestFilter.java:119)
	at org.springframework.security.web.FilterChainProxy$VirtualFilterChain.doFilter(FilterChainProxy.java:336)
	at org.springframework.security.web.authentication.logout.LogoutFilter.doFilter(LogoutFilter.java:103)
	at org.springframework.security.web.authentication.logout.LogoutFilter.doFilter(LogoutFilter.java:89)
	at org.springframework.security.web.FilterChainProxy$VirtualFilterChain.doFilter(FilterChainProxy.java:336)
	at org.springframework.security.web.header.HeaderWriterFilter.doHeadersAfter(HeaderWriterFilter.java:90)
	at org.springframework.security.web.header.HeaderWriterFilter.doFilterInternal(HeaderWriterFilter.java:75)
	at org.springframework.web.filter.OncePerRequestFilter.doFilter(OncePerRequestFilter.java:119)
	at org.springframework.security.web.FilterChainProxy$VirtualFilterChain.doFilter(FilterChainProxy.java:336)
	at org.springframework.security.web.context.SecurityContextPersistenceFilter.doFilter(SecurityContextPersistenceFilter.java:110)
	at org.springframework.security.web.context.SecurityContextPersistenceFilter.doFilter(SecurityContextPersistenceFilter.java:80)
	at org.springframework.security.web.FilterChainProxy$VirtualFilterChain.doFilter(FilterChainProxy.java:336)
	at org.springframework.security.web.context.request.async.WebAsyncManagerIntegrationFilter.doFilterInternal(WebAsyncManagerIntegrationFilter.java:55)
	at org.springframework.web.filter.OncePerRequestFilter.doFilter(OncePerRequestFilter.java:119)
	at org.springframework.security.web.FilterChainProxy$VirtualFilterChain.doFilter(FilterChainProxy.java:336)
	at org.springframework.security.web.FilterChainProxy.doFilterInternal(FilterChainProxy.java:211)
	at org.springframework.security.web.FilterChainProxy.doFilter(FilterChainProxy.java:183)
	at org.springframework.web.filter.DelegatingFilterProxy.invokeDelegate(DelegatingFilterProxy.java:358)
	at org.springframework.web.filter.DelegatingFilterProxy.doFilter(DelegatingFilterProxy.java:271)
	at org.apache.catalina.core.ApplicationFilterChain.internalDoFilter(ApplicationFilterChain.java:189)
	at org.apache.catalina.core.ApplicationFilterChain.doFilter(ApplicationFilterChain.java:162)
	at org.springframework.web.filter.RequestContextFilter.doFilterInternal(RequestContextFilter.java:100)
	at org.springframework.web.filter.OncePerRequestFilter.doFilter(OncePerRequestFilter.java:119)
	at org.apache.catalina.core.ApplicationFilterChain.internalDoFilter(ApplicationFilterChain.java:189)
	at org.apache.catalina.core.ApplicationFilterChain.doFilter(ApplicationFilterChain.java:162)
	at org.springframework.web.filter.FormContentFilter.doFilterInternal(FormContentFilter.java:93)
	at org.springframework.web.filter.OncePerRequestFilter.doFilter(OncePerRequestFilter.java:119)
	at org.apache.catalina.core.ApplicationFilterChain.internalDoFilter(ApplicationFilterChain.java:189)
	at org.apache.catalina.core.ApplicationFilterChain.doFilter(ApplicationFilterChain.java:162)
	at org.springframework.web.filter.CharacterEncodingFilter.doFilterInternal(CharacterEncodingFilter.java:201)
	at org.springframework.web.filter.OncePerRequestFilter.doFilter(OncePerRequestFilter.java:119)
	at org.apache.catalina.core.ApplicationFilterChain.internalDoFilter(ApplicationFilterChain.java:189)
	at org.apache.catalina.core.ApplicationFilterChain.doFilter(ApplicationFilterChain.java:162)
	at org.apache.catalina.core.StandardWrapperValve.invoke(StandardWrapperValve.java:202)
	at org.apache.catalina.core.StandardContextValve.invoke(StandardContextValve.java:97)
	at org.apache.catalina.authenticator.AuthenticatorBase.invoke(AuthenticatorBase.java:542)
	at org.apache.catalina.core.StandardHostValve.invoke(StandardHostValve.java:143)
	at org.apache.catalina.valves.ErrorReportValve.invoke(ErrorReportValve.java:92)
	at org.apache.catalina.core.StandardEngineValve.invoke(StandardEngineValve.java:78)
	at org.apache.catalina.connector.CoyoteAdapter.service(CoyoteAdapter.java:357)
	at org.apache.coyote.http11.Http11Processor.service(Http11Processor.java:374)
	at org.apache.coyote.AbstractProcessorLight.process(AbstractProcessorLight.java:65)
	at org.apache.coyote.AbstractProtocol$ConnectionHandler.process(AbstractProtocol.java:893)
	at org.apache.tomcat.util.net.NioEndpoint$SocketProcessor.doRun(NioEndpoint.java:1707)
	at org.apache.tomcat.util.net.SocketProcessorBase.run(SocketProcessorBase.java:49)
	at java.base/java.util.concurrent.ThreadPoolExecutor.runWorker(ThreadPoolExecutor.java:1128)
	at java.base/java.util.concurrent.ThreadPoolExecutor$Worker.run(ThreadPoolExecutor.java:628)
	at org.apache.tomcat.util.threads.TaskThread$WrappingRunnable.run(TaskThread.java:61)
	at java.base/java.lang.Thread.run(Thread.java:834)
2021-06-21 16:13:02,126 DEBUG com.training.grocery.JWT.Config.JwtAuthenticationFilter [http-nio-8080-exec-4] Extracting Header
2021-06-21 16:13:21,512 DEBUG com.training.grocery.JWT.Config.JwtAuthenticationFilter [http-nio-8080-exec-5] Extracting Header
2021-06-21 16:19:55,447 DEBUG com.training.grocery.JWT.Config.JwtAuthenticationFilter [http-nio-8080-exec-7] Extracting Header
2021-06-21 16:19:59,874 DEBUG com.training.grocery.JWT.Config.JwtAuthenticationFilter [http-nio-8080-exec-8] Extracting Header
2021-06-21 16:19:59,875 INFO com.training.grocery.JWT.Controllers.JwtController [http-nio-8080-exec-8] Requesting token
2021-06-21 16:19:59,876 DEBUG com.training.grocery.JWT.Controllers.JwtController [http-nio-8080-exec-8] Requesting token for user abcd@ts
2021-06-21 16:19:59,876 DEBUG com.training.grocery.JWT.Services.CustomUserDetailsService [http-nio-8080-exec-8] Finding User with email abcd@ts
2021-06-21 16:19:59,879 DEBUG com.training.grocery.JWT.Services.CustomUserDetailsService [http-nio-8080-exec-8] Finding roles of abcd@ts 
2021-06-21 16:19:59,883 DEBUG com.training.grocery.JWT.Controllers.JwtController [http-nio-8080-exec-8] User abcd@ts Authenticated
2021-06-21 16:19:59,884 DEBUG com.training.grocery.JWT.Services.CustomUserDetailsService [http-nio-8080-exec-8] Finding User with email abcd@ts
2021-06-21 16:19:59,885 DEBUG com.training.grocery.JWT.Services.CustomUserDetailsService [http-nio-8080-exec-8] Finding roles of abcd@ts 
2021-06-21 16:19:59,950 INFO com.training.grocery.JWT.Controllers.JwtController [http-nio-8080-exec-8] Token Gnerated 
2021-06-21 16:19:59,950 DEBUG com.training.grocery.JWT.Controllers.JwtController [http-nio-8080-exec-8] Token Gnerated eyJhbGciOiJIUzI1NiJ9.eyJzdWIiOiJhYmNkQHRzIiwiZXhwIjoxNjI0MzA4NTk5LCJpYXQiOjE2MjQyNzI1OTl9.E6ixtx4VJLCtHMMNW_4SLivYa6fSa3Jp4kSOOm2QVXk
2021-06-21 16:20:20,082 DEBUG com.training.grocery.JWT.Config.JwtAuthenticationFilter [http-nio-8080-exec-9] Extracting Header
2021-06-21 16:20:20,082 DEBUG com.training.grocery.JWT.Config.JwtAuthenticationFilter [http-nio-8080-exec-9] Extracting email from token
2021-06-21 16:20:20,097 DEBUG com.training.grocery.JWT.Services.CustomUserDetailsService [http-nio-8080-exec-9] Finding User with email abcd@ts
2021-06-21 16:20:20,114 DEBUG com.training.grocery.JWT.Services.CustomUserDetailsService [http-nio-8080-exec-9] Finding roles of abcd@ts 
2021-06-21 16:20:20,115 DEBUG com.training.grocery.JWT.Config.GenericFilter [http-nio-8080-exec-9] Extracting email from token
2021-06-21 16:22:30,012 DEBUG com.training.grocery.JWT.Config.JwtAuthenticationFilter [http-nio-8080-exec-3] Extracting Header
2021-06-21 16:22:30,030 DEBUG com.training.grocery.JWT.Config.JwtAuthenticationFilter [http-nio-8080-exec-3] Extracting email from token
2021-06-21 16:22:30,032 DEBUG com.training.grocery.JWT.Services.CustomUserDetailsService [http-nio-8080-exec-3] Finding User with email abcd@ts
2021-06-21 16:22:30,036 DEBUG com.training.grocery.JWT.Services.CustomUserDetailsService [http-nio-8080-exec-3] Finding roles of abcd@ts 
2021-06-21 16:22:30,037 DEBUG com.training.grocery.JWT.Config.GenericFilter [http-nio-8080-exec-3] Extracting email from token
2021-06-21 16:22:36,222 DEBUG com.training.grocery.JWT.Config.JwtAuthenticationFilter [http-nio-8080-exec-2] Extracting Header
2021-06-21 16:22:36,222 DEBUG com.training.grocery.JWT.Config.JwtAuthenticationFilter [http-nio-8080-exec-2] Extracting email from token
2021-06-21 16:22:36,223 DEBUG com.training.grocery.JWT.Services.CustomUserDetailsService [http-nio-8080-exec-2] Finding User with email abcd@ts
2021-06-21 16:22:36,227 DEBUG com.training.grocery.JWT.Services.CustomUserDetailsService [http-nio-8080-exec-2] Finding roles of abcd@ts 
2021-06-21 16:22:36,228 DEBUG com.training.grocery.JWT.Config.GenericFilter [http-nio-8080-exec-2] Extracting email from token
2021-06-21 16:52:47,471 DEBUG com.training.grocery.JWT.Config.JwtAuthenticationFilter [http-nio-8080-exec-6] Extracting Header
2021-06-21 16:52:47,472 DEBUG com.training.grocery.JWT.Config.JwtAuthenticationFilter [http-nio-8080-exec-6] Extracting email from token
2021-06-21 16:52:47,473 DEBUG com.training.grocery.JWT.Services.CustomUserDetailsService [http-nio-8080-exec-6] Finding User with email abcd@ts
2021-06-21 16:52:47,484 DEBUG com.training.grocery.JWT.Services.CustomUserDetailsService [http-nio-8080-exec-6] Finding roles of abcd@ts 
2021-06-21 16:52:47,485 DEBUG com.training.grocery.JWT.Config.GenericFilter [http-nio-8080-exec-6] Extracting email from token
2021-06-21 16:53:04,089 DEBUG com.training.grocery.JWT.Config.JwtAuthenticationFilter [http-nio-8080-exec-7] Extracting Header
2021-06-21 16:53:04,090 DEBUG com.training.grocery.JWT.Config.JwtAuthenticationFilter [http-nio-8080-exec-7] Extracting email from token
2021-06-21 16:53:04,090 DEBUG com.training.grocery.JWT.Services.CustomUserDetailsService [http-nio-8080-exec-7] Finding User with email abcd@ts
2021-06-21 16:53:04,093 DEBUG com.training.grocery.JWT.Services.CustomUserDetailsService [http-nio-8080-exec-7] Finding roles of abcd@ts 
2021-06-21 16:53:04,093 DEBUG com.training.grocery.JWT.Config.GenericFilter [http-nio-8080-exec-7] Extracting email from token
2021-06-21 16:53:26,750 DEBUG com.training.grocery.JWT.Config.JwtAuthenticationFilter [http-nio-8080-exec-8] Extracting Header
2021-06-21 16:53:26,751 INFO com.training.grocery.JWT.Controllers.JwtController [http-nio-8080-exec-8] Requesting token
2021-06-21 16:53:26,751 DEBUG com.training.grocery.JWT.Controllers.JwtController [http-nio-8080-exec-8] Requesting token for user abcd@ts
2021-06-21 16:53:26,751 DEBUG com.training.grocery.JWT.Services.CustomUserDetailsService [http-nio-8080-exec-8] Finding User with email abcd@ts
2021-06-21 16:53:26,753 DEBUG com.training.grocery.JWT.Services.CustomUserDetailsService [http-nio-8080-exec-8] Finding roles of abcd@ts 
2021-06-21 16:53:26,754 DEBUG com.training.grocery.JWT.Controllers.JwtController [http-nio-8080-exec-8] User abcd@ts Authenticated
2021-06-21 16:53:26,754 DEBUG com.training.grocery.JWT.Services.CustomUserDetailsService [http-nio-8080-exec-8] Finding User with email abcd@ts
2021-06-21 16:53:26,755 DEBUG com.training.grocery.JWT.Services.CustomUserDetailsService [http-nio-8080-exec-8] Finding roles of abcd@ts 
2021-06-21 16:53:26,755 INFO com.training.grocery.JWT.Controllers.JwtController [http-nio-8080-exec-8] Token Gnerated 
2021-06-21 16:53:26,756 DEBUG com.training.grocery.JWT.Controllers.JwtController [http-nio-8080-exec-8] Token Gnerated eyJhbGciOiJIUzI1NiJ9.eyJzdWIiOiJhYmNkQHRzIiwiZXhwIjoxNjI0MzEwNjA2LCJpYXQiOjE2MjQyNzQ2MDZ9.VVQhRdj3Wph1pHjJzYSJOinHZo8IkpafE_jwjbNjljA
2021-06-21 16:53:43,697 DEBUG com.training.grocery.JWT.Config.JwtAuthenticationFilter [http-nio-8080-exec-9] Extracting Header
2021-06-21 16:53:43,698 DEBUG com.training.grocery.JWT.Config.JwtAuthenticationFilter [http-nio-8080-exec-9] Extracting email from token
2021-06-21 16:53:43,698 DEBUG com.training.grocery.JWT.Services.CustomUserDetailsService [http-nio-8080-exec-9] Finding User with email abcd@ts
2021-06-21 16:53:43,700 DEBUG com.training.grocery.JWT.Services.CustomUserDetailsService [http-nio-8080-exec-9] Finding roles of abcd@ts 
2021-06-21 16:53:54,473 DEBUG com.training.grocery.JWT.Config.JwtAuthenticationFilter [http-nio-8080-exec-10] Extracting Header
2021-06-21 16:53:54,474 DEBUG com.training.grocery.JWT.Config.JwtAuthenticationFilter [http-nio-8080-exec-10] Extracting email from token
2021-06-21 16:53:54,474 DEBUG com.training.grocery.JWT.Services.CustomUserDetailsService [http-nio-8080-exec-10] Finding User with email abcd@ts
2021-06-21 16:53:54,476 DEBUG com.training.grocery.JWT.Services.CustomUserDetailsService [http-nio-8080-exec-10] Finding roles of abcd@ts 
2021-06-21 16:53:54,476 DEBUG com.training.grocery.JWT.Config.GenericFilter [http-nio-8080-exec-10] Extracting email from token
2021-06-21 16:54:16,747 DEBUG com.training.grocery.JWT.Config.JwtAuthenticationFilter [http-nio-8080-exec-1] Extracting Header
2021-06-21 16:54:16,747 DEBUG com.training.grocery.JWT.Config.JwtAuthenticationFilter [http-nio-8080-exec-1] Extracting email from token
2021-06-21 16:54:16,748 DEBUG com.training.grocery.JWT.Services.CustomUserDetailsService [http-nio-8080-exec-1] Finding User with email abcd@ts
2021-06-21 16:54:16,750 DEBUG com.training.grocery.JWT.Services.CustomUserDetailsService [http-nio-8080-exec-1] Finding roles of abcd@ts 
2021-06-21 16:54:16,750 DEBUG com.training.grocery.JWT.Config.GenericFilter [http-nio-8080-exec-1] Extracting email from token
2021-06-21 16:54:55,512 DEBUG com.training.grocery.JWT.Config.JwtAuthenticationFilter [http-nio-8080-exec-3] Extracting Header
2021-06-21 16:54:55,512 DEBUG com.training.grocery.JWT.Config.JwtAuthenticationFilter [http-nio-8080-exec-3] Extracting email from token
2021-06-21 16:54:55,514 DEBUG com.training.grocery.JWT.Services.CustomUserDetailsService [http-nio-8080-exec-3] Finding User with email abcd@ts
2021-06-21 16:54:55,519 DEBUG com.training.grocery.JWT.Services.CustomUserDetailsService [http-nio-8080-exec-3] Finding roles of abcd@ts 
2021-06-21 16:55:23,696 DEBUG com.training.grocery.JWT.Config.JwtAuthenticationFilter [http-nio-8080-exec-2] Extracting Header
2021-06-21 16:55:23,696 DEBUG com.training.grocery.JWT.Config.JwtAuthenticationFilter [http-nio-8080-exec-2] Extracting email from token
2021-06-21 16:55:23,697 DEBUG com.training.grocery.JWT.Services.CustomUserDetailsService [http-nio-8080-exec-2] Finding User with email abcd@ts
2021-06-21 16:55:23,698 DEBUG com.training.grocery.JWT.Services.CustomUserDetailsService [http-nio-8080-exec-2] Finding roles of abcd@ts 
2021-06-21 16:55:32,878 DEBUG com.training.grocery.JWT.Config.JwtAuthenticationFilter [http-nio-8080-exec-4] Extracting Header
2021-06-21 16:55:32,878 DEBUG com.training.grocery.JWT.Config.JwtAuthenticationFilter [http-nio-8080-exec-4] Extracting email from token
2021-06-21 16:55:32,878 DEBUG com.training.grocery.JWT.Services.CustomUserDetailsService [http-nio-8080-exec-4] Finding User with email abcd@ts
2021-06-21 16:55:32,880 DEBUG com.training.grocery.JWT.Services.CustomUserDetailsService [http-nio-8080-exec-4] Finding roles of abcd@ts 
2021-06-21 16:55:32,880 DEBUG com.training.grocery.JWT.Config.GenericFilter [http-nio-8080-exec-4] Extracting email from token
2021-06-21 16:56:10,315 DEBUG com.training.grocery.JWT.Config.JwtAuthenticationFilter [http-nio-8080-exec-5] Extracting Header
2021-06-21 16:56:10,315 DEBUG com.training.grocery.JWT.Config.JwtAuthenticationFilter [http-nio-8080-exec-5] Extracting email from token
2021-06-21 16:56:10,316 DEBUG com.training.grocery.JWT.Services.CustomUserDetailsService [http-nio-8080-exec-5] Finding User with email abcd@ts
2021-06-21 16:56:10,341 DEBUG com.training.grocery.JWT.Services.CustomUserDetailsService [http-nio-8080-exec-5] Finding roles of abcd@ts 
2021-06-21 16:56:10,342 DEBUG com.training.grocery.JWT.Config.GenericFilter [http-nio-8080-exec-5] Extracting email from token
2021-06-21 16:56:32,798 DEBUG com.training.grocery.JWT.Config.JwtAuthenticationFilter [http-nio-8080-exec-6] Extracting Header
2021-06-21 16:56:32,798 DEBUG com.training.grocery.JWT.Config.JwtAuthenticationFilter [http-nio-8080-exec-6] Extracting email from token
2021-06-21 16:56:32,800 DEBUG com.training.grocery.JWT.Services.CustomUserDetailsService [http-nio-8080-exec-6] Finding User with email abcd@ts
2021-06-21 16:56:32,803 DEBUG com.training.grocery.JWT.Services.CustomUserDetailsService [http-nio-8080-exec-6] Finding roles of abcd@ts 
2021-06-21 16:57:19,437 DEBUG com.training.grocery.JWT.Config.JwtAuthenticationFilter [http-nio-8080-exec-7] Extracting Header
2021-06-21 16:57:19,438 DEBUG com.training.grocery.JWT.Config.JwtAuthenticationFilter [http-nio-8080-exec-7] Extracting email from token
2021-06-21 16:57:19,438 DEBUG com.training.grocery.JWT.Services.CustomUserDetailsService [http-nio-8080-exec-7] Finding User with email abcd@ts
2021-06-21 16:57:19,440 DEBUG com.training.grocery.JWT.Services.CustomUserDetailsService [http-nio-8080-exec-7] Finding roles of abcd@ts 
2021-06-21 17:14:07,322 INFO org.springframework.boot.StartupInfoLogger [main] Starting GroceryApplication using Java 11.0.11 on DESKTOP-PE5AI8L with PID 2900 (D:\TechnogramSolutions\Projects\New folder\grocery\bin\main started by niles in D:\TechnogramSolutions\Projects\New folder\grocery)
2021-06-21 17:14:07,363 DEBUG org.springframework.boot.StartupInfoLogger [main] Running with Spring Boot v2.5.1-SNAPSHOT, Spring v5.3.8
2021-06-21 17:14:07,363 INFO org.springframework.boot.SpringApplication [main] No active profile set, falling back to default profiles: default
2021-06-21 17:14:19,396 DEBUG org.springframework.web.filter.GenericFilterBean [main] Filter 'jwtAuthenticationFilter' configured for use
2021-06-21 17:14:19,397 DEBUG org.springframework.web.filter.GenericFilterBean [main] Filter 'genericFilter' configured for use
2021-06-21 17:14:21,355 INFO org.springframework.boot.StartupInfoLogger [main] Started GroceryApplication in 14.565 seconds (JVM running for 15.148)
2021-06-21 17:16:08,886 DEBUG com.training.grocery.JWT.Config.JwtAuthenticationFilter [http-nio-8080-exec-1] Extracting Header
2021-06-21 17:16:14,924 DEBUG com.training.grocery.JWT.Config.JwtAuthenticationFilter [http-nio-8080-exec-3] Extracting Header
2021-06-21 17:16:14,929 INFO com.training.grocery.JWT.Controllers.JwtController [http-nio-8080-exec-3] Requesting token
2021-06-21 17:16:14,929 DEBUG com.training.grocery.JWT.Controllers.JwtController [http-nio-8080-exec-3] Requesting token for user abcd@ts
2021-06-21 17:16:14,931 DEBUG com.training.grocery.JWT.Services.CustomUserDetailsService [http-nio-8080-exec-3] Finding User with email abcd@ts
2021-06-21 17:16:15,172 DEBUG com.training.grocery.JWT.Services.CustomUserDetailsService [http-nio-8080-exec-3] Finding roles of abcd@ts 
2021-06-21 17:16:15,173 DEBUG com.training.grocery.JWT.Controllers.JwtController [http-nio-8080-exec-3] User abcd@ts Authenticated
2021-06-21 17:16:15,174 DEBUG com.training.grocery.JWT.Services.CustomUserDetailsService [http-nio-8080-exec-3] Finding User with email abcd@ts
2021-06-21 17:16:15,175 DEBUG com.training.grocery.JWT.Services.CustomUserDetailsService [http-nio-8080-exec-3] Finding roles of abcd@ts 
2021-06-21 17:16:15,244 INFO com.training.grocery.JWT.Controllers.JwtController [http-nio-8080-exec-3] Token Gnerated 
2021-06-21 17:16:15,245 DEBUG com.training.grocery.JWT.Controllers.JwtController [http-nio-8080-exec-3] Token Gnerated eyJhbGciOiJIUzI1NiJ9.eyJzdWIiOiJhYmNkQHRzIiwiZXhwIjoxNjI0MzExOTc1LCJpYXQiOjE2MjQyNzU5NzV9.dPThBENE5bOmQRlyzco0DIxA95Bw4cI6LtpbvhBANaM
2021-06-21 17:16:37,286 DEBUG com.training.grocery.JWT.Config.JwtAuthenticationFilter [http-nio-8080-exec-4] Extracting Header
2021-06-21 17:16:37,287 DEBUG com.training.grocery.JWT.Config.JwtAuthenticationFilter [http-nio-8080-exec-4] Extracting email from token
2021-06-21 17:16:37,323 DEBUG com.training.grocery.JWT.Services.CustomUserDetailsService [http-nio-8080-exec-4] Finding User with email abcd@ts
2021-06-21 17:16:37,341 DEBUG com.training.grocery.JWT.Services.CustomUserDetailsService [http-nio-8080-exec-4] Finding roles of abcd@ts 
2021-06-21 17:16:37,342 DEBUG com.training.grocery.JWT.Config.GenericFilter [http-nio-8080-exec-4] Extracting email from token
2021-06-21 17:16:54,824 DEBUG com.training.grocery.JWT.Config.JwtAuthenticationFilter [http-nio-8080-exec-5] Extracting Header
2021-06-21 17:16:54,824 DEBUG com.training.grocery.JWT.Config.JwtAuthenticationFilter [http-nio-8080-exec-5] Extracting email from token
2021-06-21 17:16:54,825 DEBUG com.training.grocery.JWT.Services.CustomUserDetailsService [http-nio-8080-exec-5] Finding User with email abcd@ts
2021-06-21 17:16:54,827 DEBUG com.training.grocery.JWT.Services.CustomUserDetailsService [http-nio-8080-exec-5] Finding roles of abcd@ts 
2021-06-21 17:16:54,828 DEBUG com.training.grocery.JWT.Config.GenericFilter [http-nio-8080-exec-5] Extracting email from token
2021-06-21 17:17:15,054 DEBUG com.training.grocery.JWT.Config.JwtAuthenticationFilter [http-nio-8080-exec-6] Extracting Header
2021-06-21 17:17:15,054 DEBUG com.training.grocery.JWT.Config.JwtAuthenticationFilter [http-nio-8080-exec-6] Extracting email from token
2021-06-21 17:17:15,055 DEBUG com.training.grocery.JWT.Services.CustomUserDetailsService [http-nio-8080-exec-6] Finding User with email abcd@ts
2021-06-21 17:17:15,058 DEBUG com.training.grocery.JWT.Services.CustomUserDetailsService [http-nio-8080-exec-6] Finding roles of abcd@ts 
2021-06-21 17:17:15,059 DEBUG com.training.grocery.JWT.Config.GenericFilter [http-nio-8080-exec-6] Extracting email from token
2021-06-21 17:18:07,136 DEBUG com.training.grocery.JWT.Config.JwtAuthenticationFilter [http-nio-8080-exec-7] Extracting Header
2021-06-21 17:18:07,136 DEBUG com.training.grocery.JWT.Config.JwtAuthenticationFilter [http-nio-8080-exec-7] Extracting email from token
2021-06-21 17:18:07,137 DEBUG com.training.grocery.JWT.Services.CustomUserDetailsService [http-nio-8080-exec-7] Finding User with email abcd@ts
2021-06-21 17:18:07,139 DEBUG com.training.grocery.JWT.Services.CustomUserDetailsService [http-nio-8080-exec-7] Finding roles of abcd@ts 
2021-06-21 17:18:07,139 DEBUG com.training.grocery.JWT.Config.GenericFilter [http-nio-8080-exec-7] Extracting email from token
2021-06-21 17:20:39,808 DEBUG com.training.grocery.JWT.Config.JwtAuthenticationFilter [http-nio-8080-exec-10] Extracting Header
2021-06-21 17:20:39,808 DEBUG com.training.grocery.JWT.Config.JwtAuthenticationFilter [http-nio-8080-exec-10] Extracting email from token
2021-06-21 17:20:39,809 DEBUG com.training.grocery.JWT.Services.CustomUserDetailsService [http-nio-8080-exec-10] Finding User with email abcd@ts
2021-06-21 17:20:39,814 DEBUG com.training.grocery.JWT.Services.CustomUserDetailsService [http-nio-8080-exec-10] Finding roles of abcd@ts 
2021-06-21 17:20:39,815 DEBUG com.training.grocery.JWT.Config.GenericFilter [http-nio-8080-exec-10] Extracting email from token
2021-06-21 17:22:58,353 DEBUG com.training.grocery.JWT.Config.JwtAuthenticationFilter [http-nio-8080-exec-1] Extracting Header
2021-06-21 17:22:58,353 DEBUG com.training.grocery.JWT.Config.JwtAuthenticationFilter [http-nio-8080-exec-1] Extracting email from token
2021-06-21 17:22:58,354 DEBUG com.training.grocery.JWT.Services.CustomUserDetailsService [http-nio-8080-exec-1] Finding User with email abcd@ts
2021-06-21 17:22:58,356 DEBUG com.training.grocery.JWT.Services.CustomUserDetailsService [http-nio-8080-exec-1] Finding roles of abcd@ts 
2021-06-21 17:22:58,357 DEBUG com.training.grocery.JWT.Config.GenericFilter [http-nio-8080-exec-1] Extracting email from token
2021-06-21 17:24:37,502 DEBUG com.training.grocery.JWT.Config.JwtAuthenticationFilter [http-nio-8080-exec-4] Extracting Header
2021-06-21 17:24:37,503 DEBUG com.training.grocery.JWT.Config.JwtAuthenticationFilter [http-nio-8080-exec-4] Extracting email from token
2021-06-21 17:24:37,503 DEBUG com.training.grocery.JWT.Services.CustomUserDetailsService [http-nio-8080-exec-4] Finding User with email abcd@ts
2021-06-21 17:24:37,505 DEBUG com.training.grocery.JWT.Services.CustomUserDetailsService [http-nio-8080-exec-4] Finding roles of abcd@ts 
2021-06-21 17:48:50,087 INFO org.springframework.boot.StartupInfoLogger [main] Starting GroceryApplication using Java 11.0.11 on DESKTOP-PE5AI8L with PID 12324 (D:\TechnogramSolutions\Projects\New folder\grocery\bin\main started by niles in D:\TechnogramSolutions\Projects\New folder\grocery)
2021-06-21 17:48:50,090 DEBUG org.springframework.boot.StartupInfoLogger [main] Running with Spring Boot v2.5.1-SNAPSHOT, Spring v5.3.8
2021-06-21 17:48:50,091 INFO org.springframework.boot.SpringApplication [main] No active profile set, falling back to default profiles: default
2021-06-21 17:48:55,441 DEBUG org.springframework.web.filter.GenericFilterBean [main] Filter 'jwtAuthenticationFilter' configured for use
2021-06-21 17:48:55,441 DEBUG org.springframework.web.filter.GenericFilterBean [main] Filter 'genericFilter' configured for use
2021-06-21 17:51:18,222 INFO org.springframework.boot.StartupInfoLogger [main] Starting GroceryApplication using Java 11.0.11 on DESKTOP-PE5AI8L with PID 2252 (D:\TechnogramSolutions\Projects\New folder\grocery\bin\main started by niles in D:\TechnogramSolutions\Projects\New folder\grocery)
2021-06-21 17:51:18,225 DEBUG org.springframework.boot.StartupInfoLogger [main] Running with Spring Boot v2.5.1-SNAPSHOT, Spring v5.3.8
2021-06-21 17:51:18,225 INFO org.springframework.boot.SpringApplication [main] No active profile set, falling back to default profiles: default
2021-06-21 17:51:23,811 DEBUG org.springframework.web.filter.GenericFilterBean [main] Filter 'jwtAuthenticationFilter' configured for use
2021-06-21 17:51:23,812 DEBUG org.springframework.web.filter.GenericFilterBean [main] Filter 'genericFilter' configured for use
2021-06-21 17:51:24,597 INFO org.springframework.boot.StartupInfoLogger [main] Started GroceryApplication in 6.858 seconds (JVM running for 7.319)
2021-06-21 17:51:31,365 DEBUG com.training.grocery.JWT.Config.JwtAuthenticationFilter [http-nio-8080-exec-1] Extracting Header
2021-06-21 17:51:44,692 DEBUG com.training.grocery.JWT.Config.JwtAuthenticationFilter [http-nio-8080-exec-3] Extracting Header
2021-06-21 17:51:44,695 INFO com.training.grocery.JWT.Controllers.JwtController [http-nio-8080-exec-3] Requesting token
2021-06-21 17:51:44,695 DEBUG com.training.grocery.JWT.Controllers.JwtController [http-nio-8080-exec-3] Requesting token for user abcd@ts
2021-06-21 17:51:44,696 DEBUG com.training.grocery.JWT.Services.CustomUserDetailsService [http-nio-8080-exec-3] Finding User with email abcd@ts
2021-06-21 17:51:44,790 DEBUG com.training.grocery.JWT.Services.CustomUserDetailsService [http-nio-8080-exec-3] Finding roles of abcd@ts 
2021-06-21 17:51:44,792 DEBUG com.training.grocery.JWT.Controllers.JwtController [http-nio-8080-exec-3] User abcd@ts Authenticated
2021-06-21 17:51:44,792 DEBUG com.training.grocery.JWT.Services.CustomUserDetailsService [http-nio-8080-exec-3] Finding User with email abcd@ts
2021-06-21 17:51:44,793 DEBUG com.training.grocery.JWT.Services.CustomUserDetailsService [http-nio-8080-exec-3] Finding roles of abcd@ts 
2021-06-21 17:51:44,814 INFO com.training.grocery.JWT.Controllers.JwtController [http-nio-8080-exec-3] Token Gnerated 
2021-06-21 17:51:44,814 DEBUG com.training.grocery.JWT.Controllers.JwtController [http-nio-8080-exec-3] Token Gnerated eyJhbGciOiJIUzI1NiJ9.eyJzdWIiOiJhYmNkQHRzIiwiZXhwIjoxNjI0MzE0MTA0LCJpYXQiOjE2MjQyNzgxMDR9.L4VUb9I439LdpVmJvKMsPVl0HZ3nB_-5SRfl0KOyFJM
2021-06-21 17:52:05,033 DEBUG com.training.grocery.JWT.Config.JwtAuthenticationFilter [http-nio-8080-exec-4] Extracting Header
2021-06-21 17:52:05,034 DEBUG com.training.grocery.JWT.Config.JwtAuthenticationFilter [http-nio-8080-exec-4] Extracting email from token
2021-06-21 17:52:05,042 DEBUG com.training.grocery.JWT.Services.CustomUserDetailsService [http-nio-8080-exec-4] Finding User with email abcd@ts
2021-06-21 17:52:05,059 DEBUG com.training.grocery.JWT.Services.CustomUserDetailsService [http-nio-8080-exec-4] Finding roles of abcd@ts 
2021-06-21 17:52:05,059 DEBUG com.training.grocery.JWT.Config.GenericFilter [http-nio-8080-exec-4] Extracting email from token
2021-06-21 17:52:31,771 DEBUG com.training.grocery.JWT.Config.JwtAuthenticationFilter [http-nio-8080-exec-5] Extracting Header
2021-06-21 17:52:31,772 DEBUG com.training.grocery.JWT.Config.JwtAuthenticationFilter [http-nio-8080-exec-5] Extracting email from token
2021-06-21 17:52:31,773 DEBUG com.training.grocery.JWT.Services.CustomUserDetailsService [http-nio-8080-exec-5] Finding User with email abcd@ts
2021-06-21 17:52:31,776 DEBUG com.training.grocery.JWT.Services.CustomUserDetailsService [http-nio-8080-exec-5] Finding roles of abcd@ts 
2021-06-21 17:52:31,776 DEBUG com.training.grocery.JWT.Config.GenericFilter [http-nio-8080-exec-5] Extracting email from token
