2021-06-09 17:38:02,399 INFO org.springframework.boot.StartupInfoLogger [main] Starting GroceryApplication using Java 16.0.1 on DESKTOP-PE5AI8L with PID 14956 (D:\TechnogramSolutions\Projects\New folder\grocery\bin\main started by niles in D:\TechnogramSolutions\Projects\New folder\grocery)
2021-06-09 17:38:02,401 DEBUG org.springframework.boot.StartupInfoLogger [main] Running with Spring Boot v2.5.1-SNAPSHOT, Spring v5.3.8-SNAPSHOT
2021-06-09 17:38:02,402 INFO org.springframework.boot.SpringApplication [main] No active profile set, falling back to default profiles: default
2021-06-09 17:40:05,173 INFO org.springframework.boot.StartupInfoLogger [main] Starting GroceryApplication using Java 16.0.1 on DESKTOP-PE5AI8L with PID 8088 (D:\TechnogramSolutions\Projects\New folder\grocery\bin\main started by niles in D:\TechnogramSolutions\Projects\New folder\grocery)
2021-06-09 17:40:05,180 DEBUG org.springframework.boot.StartupInfoLogger [main] Running with Spring Boot v2.5.1-SNAPSHOT, Spring v5.3.8-SNAPSHOT
2021-06-09 17:40:05,181 INFO org.springframework.boot.SpringApplication [main] No active profile set, falling back to default profiles: default
2021-06-09 17:40:45,443 INFO org.springframework.boot.StartupInfoLogger [main] Starting GroceryApplication using Java 16.0.1 on DESKTOP-PE5AI8L with PID 15616 (D:\TechnogramSolutions\Projects\New folder\grocery\bin\main started by niles in D:\TechnogramSolutions\Projects\New folder\grocery)
2021-06-09 17:40:45,447 DEBUG org.springframework.boot.StartupInfoLogger [main] Running with Spring Boot v2.5.1-SNAPSHOT, Spring v5.3.8-SNAPSHOT
2021-06-09 17:40:45,447 INFO org.springframework.boot.SpringApplication [main] No active profile set, falling back to default profiles: default
2021-06-09 17:40:49,325 DEBUG org.springframework.web.filter.GenericFilterBean [main] Filter 'jwtAuthenticationFilter' configured for use
2021-06-09 17:40:49,326 DEBUG org.springframework.web.filter.GenericFilterBean [main] Filter 'genericFilter' configured for use
2021-06-09 17:55:29,458 INFO org.springframework.boot.StartupInfoLogger [main] Starting GroceryApplication using Java 16.0.1 on DESKTOP-PE5AI8L with PID 2760 (D:\TechnogramSolutions\Projects\New folder\grocery\bin\main started by niles in D:\TechnogramSolutions\Projects\New folder\grocery)
2021-06-09 17:55:29,567 DEBUG org.springframework.boot.StartupInfoLogger [main] Running with Spring Boot v2.5.1-SNAPSHOT, Spring v5.3.8-SNAPSHOT
2021-06-09 17:55:29,568 INFO org.springframework.boot.SpringApplication [main] No active profile set, falling back to default profiles: default
2021-06-09 17:55:33,655 DEBUG org.springframework.web.filter.GenericFilterBean [main] Filter 'jwtAuthenticationFilter' configured for use
2021-06-09 17:55:33,655 DEBUG org.springframework.web.filter.GenericFilterBean [main] Filter 'genericFilter' configured for use
2021-06-09 18:03:55,540 INFO org.springframework.boot.StartupInfoLogger [main] Starting GroceryApplication using Java 16.0.1 on DESKTOP-PE5AI8L with PID 16988 (D:\TechnogramSolutions\Projects\New folder\grocery\bin\main started by niles in D:\TechnogramSolutions\Projects\New folder\grocery)
2021-06-09 18:03:55,543 DEBUG org.springframework.boot.StartupInfoLogger [main] Running with Spring Boot v2.5.1-SNAPSHOT, Spring v5.3.8-SNAPSHOT
2021-06-09 18:03:55,544 INFO org.springframework.boot.SpringApplication [main] No active profile set, falling back to default profiles: default
2021-06-09 18:03:59,120 DEBUG org.springframework.web.filter.GenericFilterBean [main] Filter 'jwtAuthenticationFilter' configured for use
2021-06-09 18:03:59,121 DEBUG org.springframework.web.filter.GenericFilterBean [main] Filter 'genericFilter' configured for use
2021-06-09 18:03:59,734 INFO org.springframework.boot.StartupInfoLogger [main] Started GroceryApplication in 4.611 seconds (JVM running for 5.009)
