2021-06-18 01:07:44,385 INFO org.springframework.boot.StartupInfoLogger [main] Starting GroceryApplication using Java 11.0.11 on DESKTOP-PE5AI8L with PID 8708 (D:\TechnogramSolutions\Projects\New folder\grocery\bin\main started by niles in D:\TechnogramSolutions\Projects\New folder\grocery)
2021-06-18 01:07:44,388 DEBUG org.springframework.boot.StartupInfoLogger [main] Running with Spring Boot v2.5.1-SNAPSHOT, Spring v5.3.8
2021-06-18 01:07:44,388 INFO org.springframework.boot.SpringApplication [main] No active profile set, falling back to default profiles: default
2021-06-18 01:07:49,936 DEBUG org.springframework.web.filter.GenericFilterBean [main] Filter 'jwtAuthenticationFilter' configured for use
2021-06-18 01:07:49,939 DEBUG org.springframework.web.filter.GenericFilterBean [main] Filter 'genericFilter' configured for use
2021-06-18 01:07:50,982 INFO org.springframework.boot.StartupInfoLogger [main] Started GroceryApplication in 7.394 seconds (JVM running for 7.865)
2021-06-18 01:17:20,441 INFO org.springframework.boot.StartupInfoLogger [main] Starting GroceryApplication using Java 11.0.11 on DESKTOP-PE5AI8L with PID 812 (D:\TechnogramSolutions\Projects\New folder\grocery\bin\main started by niles in D:\TechnogramSolutions\Projects\New folder\grocery)
2021-06-18 01:17:20,448 DEBUG org.springframework.boot.StartupInfoLogger [main] Running with Spring Boot v2.5.1-SNAPSHOT, Spring v5.3.8
2021-06-18 01:17:20,448 INFO org.springframework.boot.SpringApplication [main] No active profile set, falling back to default profiles: default
2021-06-18 01:17:24,312 DEBUG org.springframework.web.filter.GenericFilterBean [main] Filter 'jwtAuthenticationFilter' configured for use
2021-06-18 01:17:24,312 DEBUG org.springframework.web.filter.GenericFilterBean [main] Filter 'genericFilter' configured for use
2021-06-18 01:17:25,073 INFO org.springframework.boot.StartupInfoLogger [main] Started GroceryApplication in 5.111 seconds (JVM running for 5.538)
2021-06-18 01:23:18,993 INFO org.springframework.boot.StartupInfoLogger [main] Starting GroceryApplication using Java 11.0.11 on DESKTOP-PE5AI8L with PID 6496 (D:\TechnogramSolutions\Projects\New folder\grocery\bin\main started by niles in D:\TechnogramSolutions\Projects\New folder\grocery)
2021-06-18 01:23:18,996 DEBUG org.springframework.boot.StartupInfoLogger [main] Running with Spring Boot v2.5.1-SNAPSHOT, Spring v5.3.8
2021-06-18 01:23:18,996 INFO org.springframework.boot.SpringApplication [main] No active profile set, falling back to default profiles: default
2021-06-18 01:24:15,067 INFO org.springframework.boot.StartupInfoLogger [main] Starting GroceryApplication using Java 11.0.11 on DESKTOP-PE5AI8L with PID 7244 (D:\TechnogramSolutions\Projects\New folder\grocery\bin\main started by niles in D:\TechnogramSolutions\Projects\New folder\grocery)
2021-06-18 01:24:15,070 DEBUG org.springframework.boot.StartupInfoLogger [main] Running with Spring Boot v2.5.1-SNAPSHOT, Spring v5.3.8
2021-06-18 01:24:15,071 INFO org.springframework.boot.SpringApplication [main] No active profile set, falling back to default profiles: default
2021-06-18 01:24:35,970 INFO org.springframework.boot.StartupInfoLogger [main] Starting GroceryApplication using Java 11.0.11 on DESKTOP-PE5AI8L with PID 3396 (D:\TechnogramSolutions\Projects\New folder\grocery\bin\main started by niles in D:\TechnogramSolutions\Projects\New folder\grocery)
2021-06-18 01:24:35,973 DEBUG org.springframework.boot.StartupInfoLogger [main] Running with Spring Boot v2.5.1-SNAPSHOT, Spring v5.3.8
2021-06-18 01:24:35,973 INFO org.springframework.boot.SpringApplication [main] No active profile set, falling back to default profiles: default
2021-06-18 01:25:39,639 INFO org.springframework.boot.StartupInfoLogger [main] Starting GroceryApplication using Java 11.0.11 on DESKTOP-PE5AI8L with PID 8044 (D:\TechnogramSolutions\Projects\New folder\grocery\bin\main started by niles in D:\TechnogramSolutions\Projects\New folder\grocery)
2021-06-18 01:25:39,644 DEBUG org.springframework.boot.StartupInfoLogger [main] Running with Spring Boot v2.5.1-SNAPSHOT, Spring v5.3.8
2021-06-18 01:25:39,644 INFO org.springframework.boot.SpringApplication [main] No active profile set, falling back to default profiles: default
2021-06-18 01:26:17,263 INFO org.springframework.boot.StartupInfoLogger [main] Starting GroceryApplication using Java 11.0.11 on DESKTOP-PE5AI8L with PID 11412 (D:\TechnogramSolutions\Projects\New folder\grocery\bin\main started by niles in D:\TechnogramSolutions\Projects\New folder\grocery)
2021-06-18 01:26:17,266 DEBUG org.springframework.boot.StartupInfoLogger [main] Running with Spring Boot v2.5.1-SNAPSHOT, Spring v5.3.8
2021-06-18 01:26:17,266 INFO org.springframework.boot.SpringApplication [main] No active profile set, falling back to default profiles: default
2021-06-18 01:32:32,621 INFO org.springframework.boot.StartupInfoLogger [main] Starting GroceryApplication using Java 11.0.11 on DESKTOP-PE5AI8L with PID 11216 (D:\TechnogramSolutions\Projects\New folder\grocery\bin\main started by niles in D:\TechnogramSolutions\Projects\New folder\grocery)
2021-06-18 01:32:32,624 DEBUG org.springframework.boot.StartupInfoLogger [main] Running with Spring Boot v2.5.1-SNAPSHOT, Spring v5.3.8
2021-06-18 01:32:32,624 INFO org.springframework.boot.SpringApplication [main] No active profile set, falling back to default profiles: default
2021-06-18 01:32:57,096 INFO org.springframework.boot.StartupInfoLogger [main] Starting GroceryApplication using Java 11.0.11 on DESKTOP-PE5AI8L with PID 10388 (D:\TechnogramSolutions\Projects\New folder\grocery\bin\main started by niles in D:\TechnogramSolutions\Projects\New folder\grocery)
2021-06-18 01:32:57,099 DEBUG org.springframework.boot.StartupInfoLogger [main] Running with Spring Boot v2.5.1-SNAPSHOT, Spring v5.3.8
2021-06-18 01:32:57,099 INFO org.springframework.boot.SpringApplication [main] No active profile set, falling back to default profiles: default
2021-06-18 01:33:16,093 INFO org.springframework.boot.StartupInfoLogger [main] Starting GroceryApplication using Java 11.0.11 on DESKTOP-PE5AI8L with PID 12340 (D:\TechnogramSolutions\Projects\New folder\grocery\bin\main started by niles in D:\TechnogramSolutions\Projects\New folder\grocery)
2021-06-18 01:33:16,095 DEBUG org.springframework.boot.StartupInfoLogger [main] Running with Spring Boot v2.5.1-SNAPSHOT, Spring v5.3.8
2021-06-18 01:33:16,096 INFO org.springframework.boot.SpringApplication [main] No active profile set, falling back to default profiles: default
2021-06-18 01:35:58,287 INFO org.springframework.boot.StartupInfoLogger [main] Starting GroceryApplication using Java 11.0.11 on DESKTOP-PE5AI8L with PID 6508 (D:\TechnogramSolutions\Projects\New folder\grocery\bin\main started by niles in D:\TechnogramSolutions\Projects\New folder\grocery)
2021-06-18 01:35:58,290 DEBUG org.springframework.boot.StartupInfoLogger [main] Running with Spring Boot v2.5.1-SNAPSHOT, Spring v5.3.8
2021-06-18 01:35:58,290 INFO org.springframework.boot.SpringApplication [main] No active profile set, falling back to default profiles: default
2021-06-18 01:36:02,094 DEBUG org.springframework.web.filter.GenericFilterBean [main] Filter 'jwtAuthenticationFilter' configured for use
2021-06-18 01:36:02,095 DEBUG org.springframework.web.filter.GenericFilterBean [main] Filter 'genericFilter' configured for use
2021-06-18 01:36:02,853 INFO org.springframework.boot.StartupInfoLogger [main] Started GroceryApplication in 5.072 seconds (JVM running for 5.529)
2021-06-18 09:28:39,648 INFO org.springframework.boot.StartupInfoLogger [main] Starting GroceryApplication using Java 11.0.11 on DESKTOP-PE5AI8L with PID 3384 (D:\TechnogramSolutions\Projects\New folder\grocery\bin\main started by niles in D:\TechnogramSolutions\Projects\New folder\grocery)
2021-06-18 09:28:39,725 DEBUG org.springframework.boot.StartupInfoLogger [main] Running with Spring Boot v2.5.1-SNAPSHOT, Spring v5.3.8
2021-06-18 09:28:39,725 INFO org.springframework.boot.SpringApplication [main] No active profile set, falling back to default profiles: default
2021-06-18 09:29:35,211 INFO org.springframework.boot.StartupInfoLogger [main] Starting GroceryApplication using Java 11.0.11 on DESKTOP-PE5AI8L with PID 2420 (D:\TechnogramSolutions\Projects\New folder\grocery\bin\main started by niles in D:\TechnogramSolutions\Projects\New folder\grocery)
2021-06-18 09:29:35,214 DEBUG org.springframework.boot.StartupInfoLogger [main] Running with Spring Boot v2.5.1-SNAPSHOT, Spring v5.3.8
2021-06-18 09:29:35,214 INFO org.springframework.boot.SpringApplication [main] No active profile set, falling back to default profiles: default
2021-06-18 09:31:32,228 INFO org.springframework.boot.StartupInfoLogger [main] Starting GroceryApplication using Java 11.0.11 on DESKTOP-PE5AI8L with PID 13376 (D:\TechnogramSolutions\Projects\New folder\grocery\bin\main started by niles in D:\TechnogramSolutions\Projects\New folder\grocery)
2021-06-18 09:31:32,230 DEBUG org.springframework.boot.StartupInfoLogger [main] Running with Spring Boot v2.5.1-SNAPSHOT, Spring v5.3.8
2021-06-18 09:31:32,231 INFO org.springframework.boot.SpringApplication [main] No active profile set, falling back to default profiles: default
2021-06-18 09:34:21,264 INFO org.springframework.boot.StartupInfoLogger [main] Starting GroceryApplication using Java 11.0.11 on DESKTOP-PE5AI8L with PID 11348 (D:\TechnogramSolutions\Projects\New folder\grocery\bin\main started by niles in D:\TechnogramSolutions\Projects\New folder\grocery)
2021-06-18 09:34:21,267 DEBUG org.springframework.boot.StartupInfoLogger [main] Running with Spring Boot v2.5.1-SNAPSHOT, Spring v5.3.8
2021-06-18 09:34:21,267 INFO org.springframework.boot.SpringApplication [main] No active profile set, falling back to default profiles: default
2021-06-18 09:36:13,761 INFO org.springframework.boot.StartupInfoLogger [main] Starting GroceryApplication using Java 11.0.11 on DESKTOP-PE5AI8L with PID 5440 (D:\TechnogramSolutions\Projects\New folder\grocery\bin\main started by niles in D:\TechnogramSolutions\Projects\New folder\grocery)
2021-06-18 09:36:13,764 DEBUG org.springframework.boot.StartupInfoLogger [main] Running with Spring Boot v2.5.1-SNAPSHOT, Spring v5.3.8
2021-06-18 09:36:13,764 INFO org.springframework.boot.SpringApplication [main] No active profile set, falling back to default profiles: default
2021-06-18 09:36:18,114 DEBUG org.springframework.web.filter.GenericFilterBean [main] Filter 'jwtAuthenticationFilter' configured for use
2021-06-18 09:36:18,115 DEBUG org.springframework.web.filter.GenericFilterBean [main] Filter 'genericFilter' configured for use
2021-06-18 09:36:18,886 INFO org.springframework.boot.StartupInfoLogger [main] Started GroceryApplication in 5.591 seconds (JVM running for 5.995)
2021-06-18 09:36:44,593 INFO org.springframework.boot.StartupInfoLogger [main] Starting GroceryApplication using Java 11.0.11 on DESKTOP-PE5AI8L with PID 7900 (D:\TechnogramSolutions\Projects\New folder\grocery\bin\main started by niles in D:\TechnogramSolutions\Projects\New folder\grocery)
2021-06-18 09:36:44,599 DEBUG org.springframework.boot.StartupInfoLogger [main] Running with Spring Boot v2.5.1-SNAPSHOT, Spring v5.3.8
2021-06-18 09:36:44,599 INFO org.springframework.boot.SpringApplication [main] No active profile set, falling back to default profiles: default
2021-06-18 09:36:48,118 DEBUG org.springframework.web.filter.GenericFilterBean [main] Filter 'jwtAuthenticationFilter' configured for use
2021-06-18 09:36:48,119 DEBUG org.springframework.web.filter.GenericFilterBean [main] Filter 'genericFilter' configured for use
2021-06-18 09:36:48,777 INFO org.springframework.boot.StartupInfoLogger [main] Started GroceryApplication in 4.641 seconds (JVM running for 5.053)
2021-06-18 10:09:29,685 INFO org.springframework.boot.StartupInfoLogger [main] Starting GroceryApplication using Java 11.0.11 on DESKTOP-PE5AI8L with PID 5944 (D:\TechnogramSolutions\Projects\New folder\grocery\bin\main started by niles in D:\TechnogramSolutions\Projects\New folder\grocery)
2021-06-18 10:09:29,687 DEBUG org.springframework.boot.StartupInfoLogger [main] Running with Spring Boot v2.5.1-SNAPSHOT, Spring v5.3.8
2021-06-18 10:09:29,688 INFO org.springframework.boot.SpringApplication [main] No active profile set, falling back to default profiles: default
2021-06-18 10:09:33,465 DEBUG org.springframework.web.filter.GenericFilterBean [main] Filter 'jwtAuthenticationFilter' configured for use
2021-06-18 10:09:33,466 DEBUG org.springframework.web.filter.GenericFilterBean [main] Filter 'genericFilter' configured for use
2021-06-18 10:09:44,835 INFO org.springframework.boot.StartupInfoLogger [main] Starting GroceryApplication using Java 11.0.11 on DESKTOP-PE5AI8L with PID 9372 (D:\TechnogramSolutions\Projects\New folder\grocery\bin\main started by niles in D:\TechnogramSolutions\Projects\New folder\grocery)
2021-06-18 10:09:44,838 DEBUG org.springframework.boot.StartupInfoLogger [main] Running with Spring Boot v2.5.1-SNAPSHOT, Spring v5.3.8
2021-06-18 10:09:44,838 INFO org.springframework.boot.SpringApplication [main] No active profile set, falling back to default profiles: default
2021-06-18 10:09:48,543 DEBUG org.springframework.web.filter.GenericFilterBean [main] Filter 'jwtAuthenticationFilter' configured for use
2021-06-18 10:09:48,544 DEBUG org.springframework.web.filter.GenericFilterBean [main] Filter 'genericFilter' configured for use
2021-06-18 10:09:49,226 INFO org.springframework.boot.StartupInfoLogger [main] Started GroceryApplication in 4.851 seconds (JVM running for 5.253)
2021-06-18 12:58:11,003 INFO org.springframework.boot.StartupInfoLogger [main] Starting GroceryApplication using Java 11.0.11 on DESKTOP-PE5AI8L with PID 14612 (D:\TechnogramSolutions\Projects\New folder\grocery\bin\main started by niles in D:\TechnogramSolutions\Projects\New folder\grocery)
2021-06-18 12:58:11,050 DEBUG org.springframework.boot.StartupInfoLogger [main] Running with Spring Boot v2.5.1-SNAPSHOT, Spring v5.3.8
2021-06-18 12:58:11,050 INFO org.springframework.boot.SpringApplication [main] No active profile set, falling back to default profiles: default
2021-06-18 12:58:15,292 DEBUG org.springframework.web.filter.GenericFilterBean [main] Filter 'jwtAuthenticationFilter' configured for use
2021-06-18 12:58:15,292 DEBUG org.springframework.web.filter.GenericFilterBean [main] Filter 'genericFilter' configured for use
2021-06-18 12:58:27,219 INFO org.springframework.boot.StartupInfoLogger [main] Starting GroceryApplication using Java 11.0.11 on DESKTOP-PE5AI8L with PID 9584 (D:\TechnogramSolutions\Projects\New folder\grocery\bin\main started by niles in D:\TechnogramSolutions\Projects\New folder\grocery)
2021-06-18 12:58:27,221 DEBUG org.springframework.boot.StartupInfoLogger [main] Running with Spring Boot v2.5.1-SNAPSHOT, Spring v5.3.8
2021-06-18 12:58:27,221 INFO org.springframework.boot.SpringApplication [main] No active profile set, falling back to default profiles: default
2021-06-18 12:58:30,736 DEBUG org.springframework.web.filter.GenericFilterBean [main] Filter 'jwtAuthenticationFilter' configured for use
2021-06-18 12:58:30,737 DEBUG org.springframework.web.filter.GenericFilterBean [main] Filter 'genericFilter' configured for use
2021-06-18 12:58:31,452 INFO org.springframework.boot.StartupInfoLogger [main] Started GroceryApplication in 4.703 seconds (JVM running for 5.087)
2021-06-18 13:09:39,840 INFO org.springframework.boot.StartupInfoLogger [main] Starting GroceryApplication using Java 11.0.11 on DESKTOP-PE5AI8L with PID 7576 (D:\TechnogramSolutions\Projects\New folder\grocery\bin\main started by niles in D:\TechnogramSolutions\Projects\New folder\grocery)
2021-06-18 13:09:39,840 DEBUG org.springframework.boot.StartupInfoLogger [main] Running with Spring Boot v2.5.1-SNAPSHOT, Spring v5.3.8
2021-06-18 13:09:39,840 INFO org.springframework.boot.SpringApplication [main] No active profile set, falling back to default profiles: default
2021-06-18 13:10:03,917 INFO org.springframework.boot.StartupInfoLogger [main] Starting GroceryApplication using Java 11.0.11 on DESKTOP-PE5AI8L with PID 11384 (D:\TechnogramSolutions\Projects\New folder\grocery\bin\main started by niles in D:\TechnogramSolutions\Projects\New folder\grocery)
2021-06-18 13:10:03,920 DEBUG org.springframework.boot.StartupInfoLogger [main] Running with Spring Boot v2.5.1-SNAPSHOT, Spring v5.3.8
2021-06-18 13:10:03,920 INFO org.springframework.boot.SpringApplication [main] No active profile set, falling back to default profiles: default
2021-06-18 13:12:29,929 INFO org.springframework.boot.StartupInfoLogger [main] Starting GroceryApplication using Java 11.0.11 on DESKTOP-PE5AI8L with PID 5172 (D:\TechnogramSolutions\Projects\New folder\grocery\bin\main started by niles in D:\TechnogramSolutions\Projects\New folder\grocery)
2021-06-18 13:12:29,935 DEBUG org.springframework.boot.StartupInfoLogger [main] Running with Spring Boot v2.5.1-SNAPSHOT, Spring v5.3.8
2021-06-18 13:12:29,935 INFO org.springframework.boot.SpringApplication [main] No active profile set, falling back to default profiles: default
2021-06-18 13:23:19,215 INFO org.springframework.boot.StartupInfoLogger [main] Starting GroceryApplication using Java 11.0.11 on DESKTOP-PE5AI8L with PID 14408 (D:\TechnogramSolutions\Projects\New folder\grocery\bin\main started by niles in D:\TechnogramSolutions\Projects\New folder\grocery)
2021-06-18 13:23:19,215 DEBUG org.springframework.boot.StartupInfoLogger [main] Running with Spring Boot v2.5.1-SNAPSHOT, Spring v5.3.8
2021-06-18 13:23:19,215 INFO org.springframework.boot.SpringApplication [main] No active profile set, falling back to default profiles: default
2021-06-18 13:23:41,636 INFO org.springframework.boot.StartupInfoLogger [main] Starting GroceryApplication using Java 11.0.11 on DESKTOP-PE5AI8L with PID 2440 (D:\TechnogramSolutions\Projects\New folder\grocery\bin\main started by niles in D:\TechnogramSolutions\Projects\New folder\grocery)
2021-06-18 13:23:41,636 DEBUG org.springframework.boot.StartupInfoLogger [main] Running with Spring Boot v2.5.1-SNAPSHOT, Spring v5.3.8
2021-06-18 13:23:41,636 INFO org.springframework.boot.SpringApplication [main] No active profile set, falling back to default profiles: default
2021-06-18 13:23:46,274 DEBUG org.springframework.web.filter.GenericFilterBean [main] Filter 'jwtAuthenticationFilter' configured for use
2021-06-18 13:23:46,274 DEBUG org.springframework.web.filter.GenericFilterBean [main] Filter 'genericFilter' configured for use
2021-06-18 13:23:47,012 INFO org.springframework.boot.StartupInfoLogger [main] Started GroceryApplication in 5.841 seconds (JVM running for 6.286)
2021-06-18 15:58:48,733 INFO org.springframework.boot.StartupInfoLogger [main] Starting GroceryApplication using Java 11.0.11 on DESKTOP-PE5AI8L with PID 12980 (D:\TechnogramSolutions\Projects\New folder\grocery\bin\main started by niles in D:\TechnogramSolutions\Projects\New folder\grocery)
2021-06-18 15:58:48,733 DEBUG org.springframework.boot.StartupInfoLogger [main] Running with Spring Boot v2.5.1-SNAPSHOT, Spring v5.3.8
2021-06-18 15:58:48,733 INFO org.springframework.boot.SpringApplication [main] No active profile set, falling back to default profiles: default
2021-06-18 15:58:52,587 DEBUG org.springframework.web.filter.GenericFilterBean [main] Filter 'jwtAuthenticationFilter' configured for use
2021-06-18 15:58:52,587 DEBUG org.springframework.web.filter.GenericFilterBean [main] Filter 'genericFilter' configured for use
2021-06-18 15:58:53,296 INFO org.springframework.boot.StartupInfoLogger [main] Started GroceryApplication in 5.042 seconds (JVM running for 5.459)
2021-06-18 16:00:02,420 DEBUG com.training.grocery.JWT.Config.JwtAuthenticationFilter [http-nio-8080-exec-2] Extracting Header
2021-06-18 16:00:49,271 DEBUG com.training.grocery.JWT.Config.JwtAuthenticationFilter [http-nio-8080-exec-4] Extracting Header
2021-06-18 16:01:44,360 INFO org.springframework.boot.StartupInfoLogger [main] Starting GroceryApplication using Java 11.0.11 on DESKTOP-PE5AI8L with PID 15356 (D:\TechnogramSolutions\Projects\New folder\grocery\bin\main started by niles in D:\TechnogramSolutions\Projects\New folder\grocery)
2021-06-18 16:01:44,360 DEBUG org.springframework.boot.StartupInfoLogger [main] Running with Spring Boot v2.5.1-SNAPSHOT, Spring v5.3.8
2021-06-18 16:01:44,391 INFO org.springframework.boot.SpringApplication [main] No active profile set, falling back to default profiles: default
2021-06-18 16:01:48,024 DEBUG org.springframework.web.filter.GenericFilterBean [main] Filter 'jwtAuthenticationFilter' configured for use
2021-06-18 16:01:48,024 DEBUG org.springframework.web.filter.GenericFilterBean [main] Filter 'genericFilter' configured for use
2021-06-18 16:01:48,727 INFO org.springframework.boot.StartupInfoLogger [main] Started GroceryApplication in 4.826 seconds (JVM running for 5.214)
2021-06-18 16:01:52,197 DEBUG com.training.grocery.JWT.Config.JwtAuthenticationFilter [http-nio-8080-exec-2] Extracting Header
2021-06-18 16:02:32,953 DEBUG com.training.grocery.JWT.Config.JwtAuthenticationFilter [http-nio-8080-exec-4] Extracting Header
2021-06-18 16:02:57,655 DEBUG com.training.grocery.JWT.Config.JwtAuthenticationFilter [http-nio-8080-exec-6] Extracting Header
2021-06-18 16:03:29,640 DEBUG com.training.grocery.JWT.Config.JwtAuthenticationFilter [http-nio-8080-exec-8] Extracting Header
2021-06-18 16:03:32,777 DEBUG com.training.grocery.JWT.Config.JwtAuthenticationFilter [http-nio-8080-exec-10] Extracting Header
2021-06-18 16:03:42,847 DEBUG com.training.grocery.JWT.Config.JwtAuthenticationFilter [http-nio-8080-exec-2] Extracting Header
2021-06-18 16:03:49,508 DEBUG com.training.grocery.JWT.Config.JwtAuthenticationFilter [http-nio-8080-exec-4] Extracting Header
2021-06-18 16:08:32,481 DEBUG com.training.grocery.JWT.Config.JwtAuthenticationFilter [http-nio-8080-exec-6] Extracting Header
2021-06-18 16:09:21,418 DEBUG com.training.grocery.JWT.Config.JwtAuthenticationFilter [http-nio-8080-exec-8] Extracting Header
2021-06-18 16:39:00,490 INFO org.springframework.boot.StartupInfoLogger [main] Starting GroceryApplication using Java 11.0.11 on DESKTOP-PE5AI8L with PID 10984 (D:\TechnogramSolutions\Projects\New folder\grocery\bin\main started by niles in D:\TechnogramSolutions\Projects\New folder\grocery)
2021-06-18 16:39:00,522 DEBUG org.springframework.boot.StartupInfoLogger [main] Running with Spring Boot v2.5.1-SNAPSHOT, Spring v5.3.8
2021-06-18 16:39:00,522 INFO org.springframework.boot.SpringApplication [main] No active profile set, falling back to default profiles: default
2021-06-18 16:39:05,405 DEBUG org.springframework.web.filter.GenericFilterBean [main] Filter 'jwtAuthenticationFilter' configured for use
2021-06-18 16:39:05,405 DEBUG org.springframework.web.filter.GenericFilterBean [main] Filter 'genericFilter' configured for use
2021-06-18 16:39:06,324 INFO org.springframework.boot.StartupInfoLogger [main] Started GroceryApplication in 6.38 seconds (JVM running for 6.964)
2021-06-18 16:39:11,177 DEBUG com.training.grocery.JWT.Config.JwtAuthenticationFilter [http-nio-8080-exec-2] Extracting Header
2021-06-18 16:40:53,630 INFO org.springframework.boot.StartupInfoLogger [main] Starting GroceryApplication using Java 11.0.11 on DESKTOP-PE5AI8L with PID 9916 (D:\TechnogramSolutions\Projects\New folder\grocery\bin\main started by niles in D:\TechnogramSolutions\Projects\New folder\grocery)
2021-06-18 16:40:53,637 DEBUG org.springframework.boot.StartupInfoLogger [main] Running with Spring Boot v2.5.1-SNAPSHOT, Spring v5.3.8
2021-06-18 16:40:53,638 INFO org.springframework.boot.SpringApplication [main] No active profile set, falling back to default profiles: default
2021-06-18 16:40:57,319 DEBUG org.springframework.web.filter.GenericFilterBean [main] Filter 'jwtAuthenticationFilter' configured for use
2021-06-18 16:40:57,320 DEBUG org.springframework.web.filter.GenericFilterBean [main] Filter 'genericFilter' configured for use
2021-06-18 16:40:58,058 INFO org.springframework.boot.StartupInfoLogger [main] Started GroceryApplication in 4.899 seconds (JVM running for 5.404)
2021-06-18 16:41:00,789 DEBUG com.training.grocery.JWT.Config.JwtAuthenticationFilter [http-nio-8080-exec-3] Extracting Header
2021-06-18 16:41:19,741 DEBUG com.training.grocery.JWT.Config.JwtAuthenticationFilter [http-nio-8080-exec-4] Extracting Header
2021-06-18 16:51:38,797 INFO org.springframework.boot.StartupInfoLogger [main] Starting GroceryApplication using Java 11.0.11 on DESKTOP-PE5AI8L with PID 5208 (D:\TechnogramSolutions\Projects\New folder\grocery\bin\main started by niles in D:\TechnogramSolutions\Projects\New folder\grocery)
2021-06-18 16:51:38,802 DEBUG org.springframework.boot.StartupInfoLogger [main] Running with Spring Boot v2.5.1-SNAPSHOT, Spring v5.3.8
2021-06-18 16:51:38,802 INFO org.springframework.boot.SpringApplication [main] No active profile set, falling back to default profiles: default
2021-06-18 16:51:42,507 DEBUG org.springframework.web.filter.GenericFilterBean [main] Filter 'jwtAuthenticationFilter' configured for use
2021-06-18 16:51:42,508 DEBUG org.springframework.web.filter.GenericFilterBean [main] Filter 'genericFilter' configured for use
2021-06-18 16:51:52,120 INFO org.springframework.boot.StartupInfoLogger [main] Starting GroceryApplication using Java 11.0.11 on DESKTOP-PE5AI8L with PID 12848 (D:\TechnogramSolutions\Projects\New folder\grocery\bin\main started by niles in D:\TechnogramSolutions\Projects\New folder\grocery)
2021-06-18 16:51:52,122 DEBUG org.springframework.boot.StartupInfoLogger [main] Running with Spring Boot v2.5.1-SNAPSHOT, Spring v5.3.8
2021-06-18 16:51:52,123 INFO org.springframework.boot.SpringApplication [main] No active profile set, falling back to default profiles: default
2021-06-18 16:51:55,918 DEBUG org.springframework.web.filter.GenericFilterBean [main] Filter 'jwtAuthenticationFilter' configured for use
2021-06-18 16:51:55,918 DEBUG org.springframework.web.filter.GenericFilterBean [main] Filter 'genericFilter' configured for use
2021-06-18 16:51:56,654 INFO org.springframework.boot.StartupInfoLogger [main] Started GroceryApplication in 5.006 seconds (JVM running for 5.418)
2021-06-18 16:52:02,147 DEBUG com.training.grocery.JWT.Config.JwtAuthenticationFilter [http-nio-8080-exec-1] Extracting Header
2021-06-18 16:53:24,716 INFO org.springframework.boot.StartupInfoLogger [main] Starting GroceryApplication using Java 11.0.11 on DESKTOP-PE5AI8L with PID 7004 (D:\TechnogramSolutions\Projects\New folder\grocery\bin\main started by niles in D:\TechnogramSolutions\Projects\New folder\grocery)
2021-06-18 16:53:24,719 DEBUG org.springframework.boot.StartupInfoLogger [main] Running with Spring Boot v2.5.1-SNAPSHOT, Spring v5.3.8
2021-06-18 16:53:24,719 INFO org.springframework.boot.SpringApplication [main] No active profile set, falling back to default profiles: default
2021-06-18 16:53:28,449 DEBUG org.springframework.web.filter.GenericFilterBean [main] Filter 'jwtAuthenticationFilter' configured for use
2021-06-18 16:53:28,450 DEBUG org.springframework.web.filter.GenericFilterBean [main] Filter 'genericFilter' configured for use
2021-06-18 16:53:29,293 INFO org.springframework.boot.StartupInfoLogger [main] Started GroceryApplication in 5.053 seconds (JVM running for 5.473)
2021-06-18 16:53:32,431 DEBUG com.training.grocery.JWT.Config.JwtAuthenticationFilter [http-nio-8080-exec-1] Extracting Header
2021-06-18 16:54:12,300 DEBUG com.training.grocery.JWT.Config.JwtAuthenticationFilter [http-nio-8080-exec-4] Extracting Header
2021-06-18 16:54:26,840 DEBUG com.training.grocery.JWT.Config.JwtAuthenticationFilter [http-nio-8080-exec-6] Extracting Header
2021-06-18 16:54:33,106 DEBUG com.training.grocery.JWT.Config.JwtAuthenticationFilter [http-nio-8080-exec-8] Extracting Header
2021-06-18 16:57:49,585 DEBUG com.training.grocery.JWT.Config.JwtAuthenticationFilter [http-nio-8080-exec-10] Extracting Header
2021-06-18 17:01:37,880 DEBUG com.training.grocery.JWT.Config.JwtAuthenticationFilter [http-nio-8080-exec-1] Extracting Header
2021-06-18 17:02:42,927 DEBUG com.training.grocery.JWT.Config.JwtAuthenticationFilter [http-nio-8080-exec-4] Extracting Header
2021-06-18 17:06:02,711 INFO org.springframework.boot.StartupInfoLogger [main] Starting GroceryApplication using Java 11.0.11 on DESKTOP-PE5AI8L with PID 14692 (D:\TechnogramSolutions\Projects\New folder\grocery\bin\main started by niles in D:\TechnogramSolutions\Projects\New folder\grocery)
2021-06-18 17:06:02,714 DEBUG org.springframework.boot.StartupInfoLogger [main] Running with Spring Boot v2.5.1-SNAPSHOT, Spring v5.3.8
2021-06-18 17:06:02,714 INFO org.springframework.boot.SpringApplication [main] No active profile set, falling back to default profiles: default
2021-06-18 17:06:06,805 DEBUG org.springframework.web.filter.GenericFilterBean [main] Filter 'jwtAuthenticationFilter' configured for use
2021-06-18 17:06:06,805 DEBUG org.springframework.web.filter.GenericFilterBean [main] Filter 'genericFilter' configured for use
2021-06-18 17:06:07,658 INFO org.springframework.boot.StartupInfoLogger [main] Started GroceryApplication in 5.446 seconds (JVM running for 5.88)
2021-06-18 17:06:13,594 DEBUG com.training.grocery.JWT.Config.JwtAuthenticationFilter [http-nio-8080-exec-2] Extracting Header
2021-06-18 17:06:42,319 DEBUG com.training.grocery.JWT.Config.JwtAuthenticationFilter [http-nio-8080-exec-4] Extracting Header
2021-06-18 17:08:35,324 INFO org.springframework.boot.StartupInfoLogger [main] Starting GroceryApplication using Java 11.0.11 on DESKTOP-PE5AI8L with PID 6532 (D:\TechnogramSolutions\Projects\New folder\grocery\bin\main started by niles in D:\TechnogramSolutions\Projects\New folder\grocery)
2021-06-18 17:08:35,327 DEBUG org.springframework.boot.StartupInfoLogger [main] Running with Spring Boot v2.5.1-SNAPSHOT, Spring v5.3.8
2021-06-18 17:08:35,327 INFO org.springframework.boot.SpringApplication [main] No active profile set, falling back to default profiles: default
2021-06-18 17:08:39,421 DEBUG org.springframework.web.filter.GenericFilterBean [main] Filter 'jwtAuthenticationFilter' configured for use
2021-06-18 17:08:39,422 DEBUG org.springframework.web.filter.GenericFilterBean [main] Filter 'genericFilter' configured for use
2021-06-18 17:08:40,193 INFO org.springframework.boot.StartupInfoLogger [main] Started GroceryApplication in 5.454 seconds (JVM running for 5.864)
2021-06-18 17:08:43,427 DEBUG com.training.grocery.JWT.Config.JwtAuthenticationFilter [http-nio-8080-exec-3] Extracting Header
2021-06-18 17:09:29,610 INFO org.springframework.boot.StartupInfoLogger [main] Starting GroceryApplication using Java 11.0.11 on DESKTOP-PE5AI8L with PID 3872 (D:\TechnogramSolutions\Projects\New folder\grocery\bin\main started by niles in D:\TechnogramSolutions\Projects\New folder\grocery)
2021-06-18 17:09:29,612 DEBUG org.springframework.boot.StartupInfoLogger [main] Running with Spring Boot v2.5.1-SNAPSHOT, Spring v5.3.8
2021-06-18 17:09:29,613 INFO org.springframework.boot.SpringApplication [main] No active profile set, falling back to default profiles: default
2021-06-18 17:09:33,517 DEBUG org.springframework.web.filter.GenericFilterBean [main] Filter 'jwtAuthenticationFilter' configured for use
2021-06-18 17:09:33,518 DEBUG org.springframework.web.filter.GenericFilterBean [main] Filter 'genericFilter' configured for use
2021-06-18 17:09:34,327 INFO org.springframework.boot.StartupInfoLogger [main] Started GroceryApplication in 5.211 seconds (JVM running for 5.61)
2021-06-18 17:09:37,320 DEBUG com.training.grocery.JWT.Config.JwtAuthenticationFilter [http-nio-8080-exec-2] Extracting Header
2021-06-18 17:10:39,853 INFO org.springframework.boot.StartupInfoLogger [main] Starting GroceryApplication using Java 11.0.11 on DESKTOP-PE5AI8L with PID 6908 (D:\TechnogramSolutions\Projects\New folder\grocery\bin\main started by niles in D:\TechnogramSolutions\Projects\New folder\grocery)
2021-06-18 17:10:39,863 DEBUG org.springframework.boot.StartupInfoLogger [main] Running with Spring Boot v2.5.1-SNAPSHOT, Spring v5.3.8
2021-06-18 17:10:39,864 INFO org.springframework.boot.SpringApplication [main] No active profile set, falling back to default profiles: default
2021-06-18 17:13:32,828 INFO org.springframework.boot.StartupInfoLogger [main] Starting GroceryApplication using Java 11.0.11 on DESKTOP-PE5AI8L with PID 12576 (D:\TechnogramSolutions\Projects\New folder\grocery\bin\main started by niles in D:\TechnogramSolutions\Projects\New folder\grocery)
2021-06-18 17:13:32,832 DEBUG org.springframework.boot.StartupInfoLogger [main] Running with Spring Boot v2.5.1-SNAPSHOT, Spring v5.3.8
2021-06-18 17:13:32,833 INFO org.springframework.boot.SpringApplication [main] No active profile set, falling back to default profiles: default
2021-06-18 17:15:05,411 INFO org.springframework.boot.StartupInfoLogger [main] Starting GroceryApplication using Java 11.0.11 on DESKTOP-PE5AI8L with PID 9924 (D:\TechnogramSolutions\Projects\New folder\grocery\bin\main started by niles in D:\TechnogramSolutions\Projects\New folder\grocery)
2021-06-18 17:15:05,414 DEBUG org.springframework.boot.StartupInfoLogger [main] Running with Spring Boot v2.5.1-SNAPSHOT, Spring v5.3.8
2021-06-18 17:15:05,415 INFO org.springframework.boot.SpringApplication [main] No active profile set, falling back to default profiles: default
2021-06-18 17:23:44,403 INFO org.springframework.boot.StartupInfoLogger [main] Starting GroceryApplication using Java 11.0.11 on DESKTOP-PE5AI8L with PID 10912 (D:\TechnogramSolutions\Projects\New folder\grocery\bin\main started by niles in D:\TechnogramSolutions\Projects\New folder\grocery)
2021-06-18 17:23:44,407 DEBUG org.springframework.boot.StartupInfoLogger [main] Running with Spring Boot v2.5.1-SNAPSHOT, Spring v5.3.8
2021-06-18 17:23:44,408 INFO org.springframework.boot.SpringApplication [main] No active profile set, falling back to default profiles: default
2021-06-18 17:26:43,180 INFO org.springframework.boot.StartupInfoLogger [main] Starting GroceryApplication using Java 11.0.11 on DESKTOP-PE5AI8L with PID 6076 (D:\TechnogramSolutions\Projects\New folder\grocery\bin\main started by niles in D:\TechnogramSolutions\Projects\New folder\grocery)
2021-06-18 17:26:43,183 DEBUG org.springframework.boot.StartupInfoLogger [main] Running with Spring Boot v2.5.1-SNAPSHOT, Spring v5.3.8
2021-06-18 17:26:43,183 INFO org.springframework.boot.SpringApplication [main] No active profile set, falling back to default profiles: default
2021-06-18 17:28:47,040 INFO org.springframework.boot.StartupInfoLogger [main] Starting GroceryApplication using Java 11.0.11 on DESKTOP-PE5AI8L with PID 15072 (D:\TechnogramSolutions\Projects\New folder\grocery\bin\main started by niles in D:\TechnogramSolutions\Projects\New folder\grocery)
2021-06-18 17:28:47,047 DEBUG org.springframework.boot.StartupInfoLogger [main] Running with Spring Boot v2.5.1-SNAPSHOT, Spring v5.3.8
2021-06-18 17:28:47,048 INFO org.springframework.boot.SpringApplication [main] No active profile set, falling back to default profiles: default
2021-06-18 17:30:37,993 INFO org.springframework.boot.StartupInfoLogger [main] Starting GroceryApplication using Java 11.0.11 on DESKTOP-PE5AI8L with PID 12144 (D:\TechnogramSolutions\Projects\New folder\grocery\bin\main started by niles in D:\TechnogramSolutions\Projects\New folder\grocery)
2021-06-18 17:30:37,997 DEBUG org.springframework.boot.StartupInfoLogger [main] Running with Spring Boot v2.5.1-SNAPSHOT, Spring v5.3.8
2021-06-18 17:30:37,997 INFO org.springframework.boot.SpringApplication [main] No active profile set, falling back to default profiles: default
2021-06-18 17:31:51,172 INFO org.springframework.boot.StartupInfoLogger [main] Starting GroceryApplication using Java 11.0.11 on DESKTOP-PE5AI8L with PID 5824 (D:\TechnogramSolutions\Projects\New folder\grocery\bin\main started by niles in D:\TechnogramSolutions\Projects\New folder\grocery)
2021-06-18 17:31:51,175 DEBUG org.springframework.boot.StartupInfoLogger [main] Running with Spring Boot v2.5.1-SNAPSHOT, Spring v5.3.8
2021-06-18 17:31:51,175 INFO org.springframework.boot.SpringApplication [main] No active profile set, falling back to default profiles: default
2021-06-18 17:33:47,409 INFO org.springframework.boot.StartupInfoLogger [main] Starting GroceryApplication using Java 11.0.11 on DESKTOP-PE5AI8L with PID 14432 (D:\TechnogramSolutions\Projects\New folder\grocery\bin\main started by niles in D:\TechnogramSolutions\Projects\New folder\grocery)
2021-06-18 17:33:47,415 DEBUG org.springframework.boot.StartupInfoLogger [main] Running with Spring Boot v2.5.1-SNAPSHOT, Spring v5.3.8
2021-06-18 17:33:47,416 INFO org.springframework.boot.SpringApplication [main] No active profile set, falling back to default profiles: default
2021-06-18 17:34:52,139 INFO org.springframework.boot.StartupInfoLogger [main] Starting GroceryApplication using Java 11.0.11 on DESKTOP-PE5AI8L with PID 13192 (D:\TechnogramSolutions\Projects\New folder\grocery\bin\main started by niles in D:\TechnogramSolutions\Projects\New folder\grocery)
2021-06-18 17:34:52,141 DEBUG org.springframework.boot.StartupInfoLogger [main] Running with Spring Boot v2.5.1-SNAPSHOT, Spring v5.3.8
2021-06-18 17:34:52,141 INFO org.springframework.boot.SpringApplication [main] No active profile set, falling back to default profiles: default
2021-06-18 17:35:56,560 INFO org.springframework.boot.StartupInfoLogger [main] Starting GroceryApplication using Java 11.0.11 on DESKTOP-PE5AI8L with PID 6364 (D:\TechnogramSolutions\Projects\New folder\grocery\bin\main started by niles in D:\TechnogramSolutions\Projects\New folder\grocery)
2021-06-18 17:35:56,564 DEBUG org.springframework.boot.StartupInfoLogger [main] Running with Spring Boot v2.5.1-SNAPSHOT, Spring v5.3.8
2021-06-18 17:35:56,564 INFO org.springframework.boot.SpringApplication [main] No active profile set, falling back to default profiles: default
2021-06-18 17:36:50,672 INFO org.springframework.boot.StartupInfoLogger [main] Starting GroceryApplication using Java 11.0.11 on DESKTOP-PE5AI8L with PID 10604 (D:\TechnogramSolutions\Projects\New folder\grocery\bin\main started by niles in D:\TechnogramSolutions\Projects\New folder\grocery)
2021-06-18 17:36:50,675 DEBUG org.springframework.boot.StartupInfoLogger [main] Running with Spring Boot v2.5.1-SNAPSHOT, Spring v5.3.8
2021-06-18 17:36:50,675 INFO org.springframework.boot.SpringApplication [main] No active profile set, falling back to default profiles: default
2021-06-18 17:37:50,140 INFO org.springframework.boot.StartupInfoLogger [main] Starting GroceryApplication using Java 11.0.11 on DESKTOP-PE5AI8L with PID 14440 (D:\TechnogramSolutions\Projects\New folder\grocery\bin\main started by niles in D:\TechnogramSolutions\Projects\New folder\grocery)
2021-06-18 17:37:50,143 DEBUG org.springframework.boot.StartupInfoLogger [main] Running with Spring Boot v2.5.1-SNAPSHOT, Spring v5.3.8
2021-06-18 17:37:50,143 INFO org.springframework.boot.SpringApplication [main] No active profile set, falling back to default profiles: default
2021-06-18 17:38:31,801 INFO org.springframework.boot.StartupInfoLogger [main] Starting GroceryApplication using Java 11.0.11 on DESKTOP-PE5AI8L with PID 9328 (D:\TechnogramSolutions\Projects\New folder\grocery\bin\main started by niles in D:\TechnogramSolutions\Projects\New folder\grocery)
2021-06-18 17:38:31,805 DEBUG org.springframework.boot.StartupInfoLogger [main] Running with Spring Boot v2.5.1-SNAPSHOT, Spring v5.3.8
2021-06-18 17:38:31,805 INFO org.springframework.boot.SpringApplication [main] No active profile set, falling back to default profiles: default
2021-06-18 17:38:36,259 DEBUG org.springframework.web.filter.GenericFilterBean [main] Filter 'jwtAuthenticationFilter' configured for use
2021-06-18 17:38:36,260 DEBUG org.springframework.web.filter.GenericFilterBean [main] Filter 'genericFilter' configured for use
2021-06-18 17:38:37,087 INFO org.springframework.boot.StartupInfoLogger [main] Started GroceryApplication in 5.805 seconds (JVM running for 6.253)
2021-06-18 17:38:46,102 DEBUG com.training.grocery.JWT.Config.JwtAuthenticationFilter [http-nio-8080-exec-2] Extracting Header
2021-06-18 17:39:21,891 DEBUG com.training.grocery.JWT.Config.JwtAuthenticationFilter [http-nio-8080-exec-3] Extracting Header
2021-06-18 17:39:55,804 DEBUG com.training.grocery.JWT.Config.JwtAuthenticationFilter [http-nio-8080-exec-6] Extracting Header
2021-06-18 17:40:00,701 DEBUG com.training.grocery.JWT.Config.JwtAuthenticationFilter [http-nio-8080-exec-8] Extracting Header
2021-06-18 17:41:57,371 DEBUG com.training.grocery.JWT.Config.JwtAuthenticationFilter [http-nio-8080-exec-9] Extracting Header
2021-06-18 17:42:10,987 DEBUG com.training.grocery.JWT.Config.JwtAuthenticationFilter [http-nio-8080-exec-2] Extracting Header
2021-06-18 17:44:12,709 INFO org.springframework.boot.StartupInfoLogger [main] Starting GroceryApplication using Java 11.0.11 on DESKTOP-PE5AI8L with PID 552 (D:\TechnogramSolutions\Projects\New folder\grocery\bin\main started by niles in D:\TechnogramSolutions\Projects\New folder\grocery)
2021-06-18 17:44:12,712 DEBUG org.springframework.boot.StartupInfoLogger [main] Running with Spring Boot v2.5.1-SNAPSHOT, Spring v5.3.8
2021-06-18 17:44:12,713 INFO org.springframework.boot.SpringApplication [main] No active profile set, falling back to default profiles: default
2021-06-18 17:44:16,542 DEBUG org.springframework.web.filter.GenericFilterBean [main] Filter 'jwtAuthenticationFilter' configured for use
2021-06-18 17:44:16,544 DEBUG org.springframework.web.filter.GenericFilterBean [main] Filter 'genericFilter' configured for use
2021-06-18 17:44:17,332 INFO org.springframework.boot.StartupInfoLogger [main] Started GroceryApplication in 5.153 seconds (JVM running for 5.613)
2021-06-18 17:44:29,878 DEBUG com.training.grocery.JWT.Config.JwtAuthenticationFilter [http-nio-8080-exec-3] Extracting Header
2021-06-18 17:45:19,374 DEBUG com.training.grocery.JWT.Config.JwtAuthenticationFilter [http-nio-8080-exec-4] Extracting Header
2021-06-18 17:45:19,377 INFO com.training.grocery.JWT.Controllers.JwtController [http-nio-8080-exec-4] Requesting token
2021-06-18 17:45:19,377 DEBUG com.training.grocery.JWT.Controllers.JwtController [http-nio-8080-exec-4] Requesting token for user abcd@ts
2021-06-18 17:45:19,378 DEBUG com.training.grocery.JWT.Services.CustomUserDetailsService [http-nio-8080-exec-4] Finding User with email abcd@ts
2021-06-18 17:45:19,682 DEBUG com.training.grocery.JWT.Services.CustomUserDetailsService [http-nio-8080-exec-4] Finding roles of abcd@ts 
2021-06-18 17:45:19,685 DEBUG com.training.grocery.JWT.Controllers.JwtController [http-nio-8080-exec-4] User abcd@ts Authenticated
2021-06-18 17:45:19,685 DEBUG com.training.grocery.JWT.Services.CustomUserDetailsService [http-nio-8080-exec-4] Finding User with email abcd@ts
2021-06-18 17:45:19,687 DEBUG com.training.grocery.JWT.Services.CustomUserDetailsService [http-nio-8080-exec-4] Finding roles of abcd@ts 
2021-06-18 17:45:19,763 INFO com.training.grocery.JWT.Controllers.JwtController [http-nio-8080-exec-4] Token Gnerated 
2021-06-18 17:45:19,764 DEBUG com.training.grocery.JWT.Controllers.JwtController [http-nio-8080-exec-4] Token Gnerated eyJhbGciOiJIUzI1NiJ9.eyJzdWIiOiJhYmNkQHRzIiwiZXhwIjoxNjI0MDU0NTE5LCJpYXQiOjE2MjQwMTg1MTl9.oDkYoroCW0unYcsB-Gd7HHpWq2-0grU_09EqutYTMEE
2021-06-18 17:47:54,139 DEBUG com.training.grocery.JWT.Config.JwtAuthenticationFilter [http-nio-8080-exec-6] Extracting Header
2021-06-18 17:47:54,140 DEBUG com.training.grocery.JWT.Config.JwtAuthenticationFilter [http-nio-8080-exec-6] Extracting email from token
2021-06-18 17:47:54,151 DEBUG com.training.grocery.JWT.Services.CustomUserDetailsService [http-nio-8080-exec-6] Finding User with email abcd@ts
2021-06-18 17:47:54,168 DEBUG com.training.grocery.JWT.Services.CustomUserDetailsService [http-nio-8080-exec-6] Finding roles of abcd@ts 
2021-06-18 17:47:54,168 DEBUG com.training.grocery.JWT.Config.GenericFilter [http-nio-8080-exec-6] Extracting email from token
2021-06-18 17:50:14,903 DEBUG com.training.grocery.JWT.Config.JwtAuthenticationFilter [http-nio-8080-exec-9] Extracting Header
2021-06-18 17:50:14,904 DEBUG com.training.grocery.JWT.Config.JwtAuthenticationFilter [http-nio-8080-exec-9] Extracting email from token
2021-06-18 17:50:14,905 DEBUG com.training.grocery.JWT.Services.CustomUserDetailsService [http-nio-8080-exec-9] Finding User with email abcd@ts
2021-06-18 17:50:14,908 DEBUG com.training.grocery.JWT.Services.CustomUserDetailsService [http-nio-8080-exec-9] Finding roles of abcd@ts 
2021-06-18 17:50:14,909 DEBUG com.training.grocery.JWT.Config.GenericFilter [http-nio-8080-exec-9] Extracting email from token
2021-06-18 17:51:56,673 DEBUG com.training.grocery.JWT.Config.JwtAuthenticationFilter [http-nio-8080-exec-3] Extracting Header
2021-06-18 17:51:56,673 DEBUG com.training.grocery.JWT.Config.JwtAuthenticationFilter [http-nio-8080-exec-3] Extracting email from token
2021-06-18 17:51:56,674 DEBUG com.training.grocery.JWT.Services.CustomUserDetailsService [http-nio-8080-exec-3] Finding User with email abcd@ts
2021-06-18 17:51:56,678 DEBUG com.training.grocery.JWT.Services.CustomUserDetailsService [http-nio-8080-exec-3] Finding roles of abcd@ts 
2021-06-18 17:51:56,678 DEBUG com.training.grocery.JWT.Config.GenericFilter [http-nio-8080-exec-3] Extracting email from token
2021-06-18 17:52:41,601 DEBUG com.training.grocery.JWT.Config.JwtAuthenticationFilter [http-nio-8080-exec-4] Extracting Header
2021-06-18 17:52:41,602 DEBUG com.training.grocery.JWT.Config.JwtAuthenticationFilter [http-nio-8080-exec-4] Extracting email from token
2021-06-18 17:52:41,603 DEBUG com.training.grocery.JWT.Services.CustomUserDetailsService [http-nio-8080-exec-4] Finding User with email abcd@ts
2021-06-18 17:52:41,606 DEBUG com.training.grocery.JWT.Services.CustomUserDetailsService [http-nio-8080-exec-4] Finding roles of abcd@ts 
2021-06-18 17:52:41,606 DEBUG com.training.grocery.JWT.Config.GenericFilter [http-nio-8080-exec-4] Extracting email from token
2021-06-18 17:52:41,611 INFO com.training.grocery.basket.BasketController [http-nio-8080-exec-4] Post method /basket/add, by userid 1
2021-06-18 17:53:22,006 DEBUG com.training.grocery.JWT.Config.JwtAuthenticationFilter [http-nio-8080-exec-5] Extracting Header
2021-06-18 17:53:22,007 DEBUG com.training.grocery.JWT.Config.JwtAuthenticationFilter [http-nio-8080-exec-5] Extracting email from token
2021-06-18 17:53:22,008 DEBUG com.training.grocery.JWT.Services.CustomUserDetailsService [http-nio-8080-exec-5] Finding User with email abcd@ts
2021-06-18 17:53:22,009 DEBUG com.training.grocery.JWT.Services.CustomUserDetailsService [http-nio-8080-exec-5] Finding roles of abcd@ts 
2021-06-18 17:53:22,010 DEBUG com.training.grocery.JWT.Config.GenericFilter [http-nio-8080-exec-5] Extracting email from token
2021-06-18 17:53:22,012 INFO com.training.grocery.basket.BasketController [http-nio-8080-exec-5] Post method /basket/add, by userid 1
2021-06-18 17:53:22,014 INFO com.training.grocery.basket.BasketService [http-nio-8080-exec-5] 1 userBasket is null
2021-06-18 17:53:22,067 INFO com.training.grocery.basket.BasketService [http-nio-8080-exec-5] 1 created new entry in Basket
2021-06-18 17:54:00,288 DEBUG com.training.grocery.JWT.Config.JwtAuthenticationFilter [http-nio-8080-exec-6] Extracting Header
2021-06-18 17:54:00,289 DEBUG com.training.grocery.JWT.Config.JwtAuthenticationFilter [http-nio-8080-exec-6] Extracting email from token
2021-06-18 17:54:00,289 DEBUG com.training.grocery.JWT.Services.CustomUserDetailsService [http-nio-8080-exec-6] Finding User with email abcd@ts
2021-06-18 17:54:00,292 DEBUG com.training.grocery.JWT.Services.CustomUserDetailsService [http-nio-8080-exec-6] Finding roles of abcd@ts 
2021-06-18 17:54:00,293 INFO com.training.grocery.basket.BasketController [http-nio-8080-exec-6] Get method /basket/show, by userid 1
